{"/Users/milanstokic/development/claude-hackathon/forward-momentum/esbuild.mjs": {"path":"/Users/milanstokic/development/claude-hackathon/forward-momentum/esbuild.mjs","all":true,"statementMap":{"0":{"start":{"line":1,"column":0},"end":{"line":1,"column":35}},"1":{"start":{"line":2,"column":0},"end":{"line":2,"column":0}},"2":{"start":{"line":3,"column":0},"end":{"line":3,"column":47}},"3":{"start":{"line":4,"column":0},"end":{"line":4,"column":0}},"4":{"start":{"line":5,"column":0},"end":{"line":5,"column":45}},"5":{"start":{"line":6,"column":0},"end":{"line":6,"column":22}},"6":{"start":{"line":7,"column":0},"end":{"line":7,"column":36}},"7":{"start":{"line":8,"column":0},"end":{"line":8,"column":15}},"8":{"start":{"line":9,"column":0},"end":{"line":9,"column":31}},"9":{"start":{"line":10,"column":0},"end":{"line":10,"column":23}},"10":{"start":{"line":11,"column":0},"end":{"line":11,"column":16}},"11":{"start":{"line":12,"column":0},"end":{"line":12,"column":19}},"12":{"start":{"line":13,"column":0},"end":{"line":13,"column":18}},"13":{"start":{"line":14,"column":0},"end":{"line":14,"column":16}},"14":{"start":{"line":15,"column":0},"end":{"line":15,"column":2}},"15":{"start":{"line":16,"column":0},"end":{"line":16,"column":0}},"16":{"start":{"line":17,"column":0},"end":{"line":17,"column":12}},"17":{"start":{"line":18,"column":0},"end":{"line":18,"column":50}},"18":{"start":{"line":19,"column":0},"end":{"line":19,"column":20}},"19":{"start":{"line":20,"column":0},"end":{"line":20,"column":41}},"20":{"start":{"line":21,"column":0},"end":{"line":21,"column":8}},"21":{"start":{"line":22,"column":0},"end":{"line":22,"column":36}},"22":{"start":{"line":23,"column":0},"end":{"line":23,"column":33}},"23":{"start":{"line":24,"column":0},"end":{"line":24,"column":1}}},"s":{"0":0,"1":0,"2":0,"3":0,"4":0,"5":0,"6":0,"7":0,"8":0,"9":0,"10":0,"11":0,"12":0,"13":0,"14":0,"15":0,"16":0,"17":0,"18":0,"19":0,"20":0,"21":0,"22":0,"23":0},"branchMap":{"0":{"type":"branch","line":1,"loc":{"start":{"line":1,"column":0},"end":{"line":24,"column":-56}},"locations":[{"start":{"line":1,"column":0},"end":{"line":24,"column":-56}}]}},"b":{"0":[0]},"fnMap":{"0":{"name":"(empty-report)","decl":{"start":{"line":1,"column":0},"end":{"line":24,"column":-56}},"loc":{"start":{"line":1,"column":0},"end":{"line":24,"column":-56}},"line":1}},"f":{"0":0}}
,"/Users/milanstokic/development/claude-hackathon/forward-momentum/src/extension.ts": {"path":"/Users/milanstokic/development/claude-hackathon/forward-momentum/src/extension.ts","all":true,"statementMap":{"0":{"start":{"line":1,"column":0},"end":{"line":1,"column":33}},"1":{"start":{"line":2,"column":0},"end":{"line":2,"column":0}},"2":{"start":{"line":3,"column":0},"end":{"line":3,"column":66}},"3":{"start":{"line":4,"column":0},"end":{"line":4,"column":53}},"4":{"start":{"line":5,"column":0},"end":{"line":5,"column":28}},"5":{"start":{"line":6,"column":0},"end":{"line":6,"column":11}},"6":{"start":{"line":7,"column":0},"end":{"line":7,"column":43}},"7":{"start":{"line":8,"column":0},"end":{"line":8,"column":71}},"8":{"start":{"line":9,"column":0},"end":{"line":9,"column":8}},"9":{"start":{"line":10,"column":0},"end":{"line":10,"column":5}},"10":{"start":{"line":11,"column":0},"end":{"line":11,"column":4}},"11":{"start":{"line":12,"column":0},"end":{"line":12,"column":0}},"12":{"start":{"line":13,"column":0},"end":{"line":13,"column":41}},"13":{"start":{"line":14,"column":0},"end":{"line":14,"column":1}},"14":{"start":{"line":15,"column":0},"end":{"line":15,"column":0}},"15":{"start":{"line":16,"column":0},"end":{"line":16,"column":36}},"16":{"start":{"line":17,"column":0},"end":{"line":17,"column":48}},"17":{"start":{"line":18,"column":0},"end":{"line":18,"column":1}}},"s":{"0":0,"1":0,"2":0,"3":0,"4":0,"5":0,"6":0,"7":0,"8":0,"9":0,"10":0,"11":0,"12":0,"13":0,"14":0,"15":0,"16":0,"17":0},"branchMap":{"0":{"type":"branch","line":1,"loc":{"start":{"line":1,"column":466},"end":{"line":18,"column":1}},"locations":[{"start":{"line":1,"column":466},"end":{"line":18,"column":1}}]}},"b":{"0":[0]},"fnMap":{"0":{"name":"(empty-report)","decl":{"start":{"line":1,"column":466},"end":{"line":18,"column":1}},"loc":{"start":{"line":1,"column":466},"end":{"line":18,"column":1}},"line":1}},"f":{"0":0}}
,"/Users/milanstokic/development/claude-hackathon/forward-momentum/src/flow/gates.ts": {"path":"/Users/milanstokic/development/claude-hackathon/forward-momentum/src/flow/gates.ts","all":false,"statementMap":{"0":{"start":{"line":1,"column":0},"end":{"line":1,"column":3}},"1":{"start":{"line":2,"column":0},"end":{"line":2,"column":60}},"2":{"start":{"line":3,"column":0},"end":{"line":3,"column":2}},"3":{"start":{"line":4,"column":0},"end":{"line":4,"column":79}},"4":{"start":{"line":5,"column":0},"end":{"line":5,"column":2}},"5":{"start":{"line":6,"column":0},"end":{"line":6,"column":28}},"6":{"start":{"line":7,"column":0},"end":{"line":7,"column":59}},"7":{"start":{"line":8,"column":0},"end":{"line":8,"column":59}},"8":{"start":{"line":9,"column":0},"end":{"line":9,"column":61}},"9":{"start":{"line":10,"column":0},"end":{"line":10,"column":61}},"10":{"start":{"line":11,"column":0},"end":{"line":11,"column":2}},"11":{"start":{"line":12,"column":0},"end":{"line":12,"column":30}},"12":{"start":{"line":13,"column":0},"end":{"line":13,"column":33}},"13":{"start":{"line":14,"column":0},"end":{"line":14,"column":40}},"14":{"start":{"line":15,"column":0},"end":{"line":15,"column":57}},"15":{"start":{"line":16,"column":0},"end":{"line":16,"column":49}},"16":{"start":{"line":17,"column":0},"end":{"line":17,"column":53}},"17":{"start":{"line":18,"column":0},"end":{"line":18,"column":49}},"18":{"start":{"line":19,"column":0},"end":{"line":19,"column":3}},"19":{"start":{"line":20,"column":0},"end":{"line":20,"column":0}},"20":{"start":{"line":21,"column":0},"end":{"line":21,"column":55}},"21":{"start":{"line":22,"column":0},"end":{"line":22,"column":49}},"22":{"start":{"line":23,"column":0},"end":{"line":23,"column":0}},"23":{"start":{"line":24,"column":0},"end":{"line":24,"column":78}},"24":{"start":{"line":25,"column":0},"end":{"line":25,"column":28}},"25":{"start":{"line":26,"column":0},"end":{"line":26,"column":78}},"26":{"start":{"line":27,"column":0},"end":{"line":27,"column":0}},"27":{"start":{"line":28,"column":0},"end":{"line":28,"column":3}},"28":{"start":{"line":29,"column":0},"end":{"line":29,"column":25}},"29":{"start":{"line":30,"column":0},"end":{"line":30,"column":78}},"30":{"start":{"line":31,"column":0},"end":{"line":31,"column":74}},"31":{"start":{"line":32,"column":0},"end":{"line":32,"column":77}},"32":{"start":{"line":33,"column":0},"end":{"line":33,"column":2}},"33":{"start":{"line":34,"column":0},"end":{"line":34,"column":79}},"34":{"start":{"line":35,"column":0},"end":{"line":35,"column":3}},"35":{"start":{"line":36,"column":0},"end":{"line":36,"column":77}},"36":{"start":{"line":37,"column":0},"end":{"line":37,"column":29}},"37":{"start":{"line":38,"column":0},"end":{"line":38,"column":12}},"38":{"start":{"line":39,"column":0},"end":{"line":39,"column":16}},"39":{"start":{"line":40,"column":0},"end":{"line":40,"column":72}},"40":{"start":{"line":41,"column":0},"end":{"line":41,"column":19}},"41":{"start":{"line":42,"column":0},"end":{"line":42,"column":6}},"42":{"start":{"line":43,"column":0},"end":{"line":43,"column":3}},"43":{"start":{"line":44,"column":0},"end":{"line":44,"column":22}},"44":{"start":{"line":45,"column":0},"end":{"line":45,"column":1}},"45":{"start":{"line":46,"column":0},"end":{"line":46,"column":0}},"46":{"start":{"line":47,"column":0},"end":{"line":47,"column":3}},"47":{"start":{"line":48,"column":0},"end":{"line":48,"column":26}},"48":{"start":{"line":49,"column":0},"end":{"line":49,"column":51}},"49":{"start":{"line":50,"column":0},"end":{"line":50,"column":2}},"50":{"start":{"line":51,"column":0},"end":{"line":51,"column":72}},"51":{"start":{"line":52,"column":0},"end":{"line":52,"column":3}},"52":{"start":{"line":53,"column":0},"end":{"line":53,"column":76}},"53":{"start":{"line":54,"column":0},"end":{"line":54,"column":27}},"54":{"start":{"line":55,"column":0},"end":{"line":55,"column":12}},"55":{"start":{"line":56,"column":0},"end":{"line":56,"column":16}},"56":{"start":{"line":57,"column":0},"end":{"line":57,"column":73}},"57":{"start":{"line":58,"column":0},"end":{"line":58,"column":19}},"58":{"start":{"line":59,"column":0},"end":{"line":59,"column":6}},"59":{"start":{"line":60,"column":0},"end":{"line":60,"column":3}},"60":{"start":{"line":61,"column":0},"end":{"line":61,"column":22}},"61":{"start":{"line":62,"column":0},"end":{"line":62,"column":1}},"62":{"start":{"line":63,"column":0},"end":{"line":63,"column":0}},"63":{"start":{"line":64,"column":0},"end":{"line":64,"column":78}},"64":{"start":{"line":65,"column":0},"end":{"line":65,"column":22}},"65":{"start":{"line":66,"column":0},"end":{"line":66,"column":78}},"66":{"start":{"line":67,"column":0},"end":{"line":67,"column":0}},"67":{"start":{"line":68,"column":0},"end":{"line":68,"column":3}},"68":{"start":{"line":69,"column":0},"end":{"line":69,"column":25}},"69":{"start":{"line":70,"column":0},"end":{"line":70,"column":75}},"70":{"start":{"line":71,"column":0},"end":{"line":71,"column":67}},"71":{"start":{"line":72,"column":0},"end":{"line":72,"column":2}},"72":{"start":{"line":73,"column":0},"end":{"line":73,"column":46}},"73":{"start":{"line":74,"column":0},"end":{"line":74,"column":3}},"74":{"start":{"line":75,"column":0},"end":{"line":75,"column":60}},"75":{"start":{"line":76,"column":0},"end":{"line":76,"column":35}},"76":{"start":{"line":77,"column":0},"end":{"line":77,"column":59}},"77":{"start":{"line":78,"column":0},"end":{"line":78,"column":4}},"78":{"start":{"line":79,"column":0},"end":{"line":79,"column":34}},"79":{"start":{"line":80,"column":0},"end":{"line":80,"column":18}},"80":{"start":{"line":81,"column":0},"end":{"line":81,"column":7}},"81":{"start":{"line":82,"column":0},"end":{"line":82,"column":18}},"82":{"start":{"line":83,"column":0},"end":{"line":83,"column":68}},"83":{"start":{"line":84,"column":0},"end":{"line":84,"column":31}},"84":{"start":{"line":85,"column":0},"end":{"line":85,"column":8}},"85":{"start":{"line":86,"column":0},"end":{"line":86,"column":1}},"86":{"start":{"line":87,"column":0},"end":{"line":87,"column":0}},"87":{"start":{"line":88,"column":0},"end":{"line":88,"column":3}},"88":{"start":{"line":89,"column":0},"end":{"line":89,"column":21}},"89":{"start":{"line":90,"column":0},"end":{"line":90,"column":69}},"90":{"start":{"line":91,"column":0},"end":{"line":91,"column":2}},"91":{"start":{"line":92,"column":0},"end":{"line":92,"column":73}},"92":{"start":{"line":93,"column":0},"end":{"line":93,"column":68}},"93":{"start":{"line":94,"column":0},"end":{"line":94,"column":3}},"94":{"start":{"line":95,"column":0},"end":{"line":95,"column":93}},"95":{"start":{"line":96,"column":0},"end":{"line":96,"column":31}},"96":{"start":{"line":97,"column":0},"end":{"line":97,"column":62}},"97":{"start":{"line":98,"column":0},"end":{"line":98,"column":54}},"98":{"start":{"line":99,"column":0},"end":{"line":99,"column":0}},"99":{"start":{"line":100,"column":0},"end":{"line":100,"column":27}},"100":{"start":{"line":101,"column":0},"end":{"line":101,"column":12}},"101":{"start":{"line":102,"column":0},"end":{"line":102,"column":16}},"102":{"start":{"line":103,"column":0},"end":{"line":103,"column":60}},"103":{"start":{"line":104,"column":0},"end":{"line":104,"column":19}},"104":{"start":{"line":105,"column":0},"end":{"line":105,"column":6}},"105":{"start":{"line":106,"column":0},"end":{"line":106,"column":3}},"106":{"start":{"line":107,"column":0},"end":{"line":107,"column":22}},"107":{"start":{"line":108,"column":0},"end":{"line":108,"column":1}},"108":{"start":{"line":109,"column":0},"end":{"line":109,"column":0}},"109":{"start":{"line":110,"column":0},"end":{"line":110,"column":78}},"110":{"start":{"line":111,"column":0},"end":{"line":111,"column":31}},"111":{"start":{"line":112,"column":0},"end":{"line":112,"column":78}},"112":{"start":{"line":113,"column":0},"end":{"line":113,"column":0}},"113":{"start":{"line":114,"column":0},"end":{"line":114,"column":36}},"114":{"start":{"line":115,"column":0},"end":{"line":115,"column":19}},"115":{"start":{"line":116,"column":0},"end":{"line":116,"column":40}},"116":{"start":{"line":117,"column":0},"end":{"line":117,"column":0}},"117":{"start":{"line":118,"column":0},"end":{"line":118,"column":3}},"118":{"start":{"line":119,"column":0},"end":{"line":119,"column":57}},"119":{"start":{"line":120,"column":0},"end":{"line":120,"column":2}},"120":{"start":{"line":121,"column":0},"end":{"line":121,"column":31}},"121":{"start":{"line":122,"column":0},"end":{"line":122,"column":29}},"122":{"start":{"line":123,"column":0},"end":{"line":123,"column":55}},"123":{"start":{"line":124,"column":0},"end":{"line":124,"column":47}},"124":{"start":{"line":125,"column":0},"end":{"line":125,"column":51}},"125":{"start":{"line":126,"column":0},"end":{"line":126,"column":2}},"126":{"start":{"line":127,"column":0},"end":{"line":127,"column":79}},"127":{"start":{"line":128,"column":0},"end":{"line":128,"column":3}},"128":{"start":{"line":129,"column":0},"end":{"line":129,"column":72}},"129":{"start":{"line":130,"column":0},"end":{"line":130,"column":31}},"130":{"start":{"line":131,"column":0},"end":{"line":131,"column":0}},"131":{"start":{"line":132,"column":0},"end":{"line":132,"column":54}},"132":{"start":{"line":133,"column":0},"end":{"line":133,"column":54}},"133":{"start":{"line":134,"column":0},"end":{"line":134,"column":3}},"134":{"start":{"line":135,"column":0},"end":{"line":135,"column":0}},"135":{"start":{"line":136,"column":0},"end":{"line":136,"column":54}},"136":{"start":{"line":137,"column":0},"end":{"line":137,"column":72}},"137":{"start":{"line":138,"column":0},"end":{"line":138,"column":3}},"138":{"start":{"line":139,"column":0},"end":{"line":139,"column":46}},"139":{"start":{"line":140,"column":0},"end":{"line":140,"column":64}},"140":{"start":{"line":141,"column":0},"end":{"line":141,"column":3}},"141":{"start":{"line":142,"column":0},"end":{"line":142,"column":50}},"142":{"start":{"line":143,"column":0},"end":{"line":143,"column":68}},"143":{"start":{"line":144,"column":0},"end":{"line":144,"column":3}},"144":{"start":{"line":145,"column":0},"end":{"line":145,"column":0}},"145":{"start":{"line":146,"column":0},"end":{"line":146,"column":76}},"146":{"start":{"line":147,"column":0},"end":{"line":147,"column":1}},"147":{"start":{"line":148,"column":0},"end":{"line":148,"column":0}},"148":{"start":{"line":149,"column":0},"end":{"line":149,"column":3}},"149":{"start":{"line":150,"column":0},"end":{"line":150,"column":52}},"150":{"start":{"line":151,"column":0},"end":{"line":151,"column":72}},"151":{"start":{"line":152,"column":0},"end":{"line":152,"column":3}},"152":{"start":{"line":153,"column":0},"end":{"line":153,"column":80}},"153":{"start":{"line":154,"column":0},"end":{"line":154,"column":21}},"154":{"start":{"line":155,"column":0},"end":{"line":155,"column":24}},"155":{"start":{"line":156,"column":0},"end":{"line":156,"column":3}},"156":{"start":{"line":157,"column":0},"end":{"line":157,"column":10}},"157":{"start":{"line":158,"column":0},"end":{"line":158,"column":14}},"158":{"start":{"line":159,"column":0},"end":{"line":159,"column":59}},"159":{"start":{"line":160,"column":0},"end":{"line":160,"column":17}},"160":{"start":{"line":161,"column":0},"end":{"line":161,"column":4}},"161":{"start":{"line":162,"column":0},"end":{"line":162,"column":1}}},"s":{"0":1,"1":1,"2":1,"3":1,"4":1,"5":1,"6":1,"7":1,"8":1,"9":1,"10":1,"11":1,"12":1,"13":1,"14":1,"15":1,"16":1,"17":1,"18":1,"19":1,"20":1,"21":1,"22":1,"23":1,"24":1,"25":1,"26":1,"27":1,"28":1,"29":1,"30":1,"31":1,"32":1,"33":1,"34":1,"35":1,"36":2,"37":1,"38":1,"39":1,"40":1,"41":1,"42":1,"43":1,"44":1,"45":1,"46":1,"47":1,"48":1,"49":1,"50":1,"51":1,"52":1,"53":2,"54":1,"55":1,"56":1,"57":1,"58":1,"59":1,"60":1,"61":1,"62":1,"63":1,"64":1,"65":1,"66":1,"67":1,"68":1,"69":1,"70":1,"71":1,"72":1,"73":1,"74":1,"75":7,"76":7,"77":7,"78":7,"79":4,"80":3,"81":3,"82":3,"83":3,"84":3,"85":7,"86":1,"87":1,"88":1,"89":1,"90":1,"91":1,"92":1,"93":1,"94":1,"95":4,"96":4,"97":4,"98":4,"99":4,"100":3,"101":3,"102":3,"103":3,"104":3,"105":3,"106":1,"107":1,"108":1,"109":1,"110":1,"111":1,"112":1,"113":1,"114":1,"115":1,"116":1,"117":1,"118":1,"119":1,"120":1,"121":1,"122":1,"123":1,"124":1,"125":1,"126":1,"127":1,"128":1,"129":9,"130":9,"131":9,"132":3,"133":3,"134":9,"135":9,"136":3,"137":3,"138":9,"139":3,"140":3,"141":9,"142":3,"143":3,"144":9,"145":9,"146":9,"147":1,"148":1,"149":1,"150":1,"151":1,"152":1,"153":2,"154":1,"155":1,"156":1,"157":1,"158":1,"159":1,"160":1,"161":1},"branchMap":{"0":{"type":"branch","line":36,"loc":{"start":{"line":36,"column":7},"end":{"line":45,"column":1}},"locations":[{"start":{"line":36,"column":7},"end":{"line":45,"column":1}}]},"1":{"type":"branch","line":37,"loc":{"start":{"line":37,"column":28},"end":{"line":45,"column":1}},"locations":[{"start":{"line":37,"column":28},"end":{"line":45,"column":1}}]},"2":{"type":"branch","line":53,"loc":{"start":{"line":53,"column":7},"end":{"line":62,"column":1}},"locations":[{"start":{"line":53,"column":7},"end":{"line":62,"column":1}}]},"3":{"type":"branch","line":54,"loc":{"start":{"line":54,"column":26},"end":{"line":62,"column":1}},"locations":[{"start":{"line":54,"column":26},"end":{"line":62,"column":1}}]},"4":{"type":"branch","line":75,"loc":{"start":{"line":75,"column":7},"end":{"line":86,"column":1}},"locations":[{"start":{"line":75,"column":7},"end":{"line":86,"column":1}}]},"5":{"type":"branch","line":79,"loc":{"start":{"line":79,"column":33},"end":{"line":80,"column":18}},"locations":[{"start":{"line":79,"column":33},"end":{"line":80,"column":18}}]},"6":{"type":"branch","line":80,"loc":{"start":{"line":80,"column":17},"end":{"line":85,"column":8}},"locations":[{"start":{"line":80,"column":17},"end":{"line":85,"column":8}}]},"7":{"type":"branch","line":77,"loc":{"start":{"line":77,"column":4},"end":{"line":77,"column":59}},"locations":[{"start":{"line":77,"column":4},"end":{"line":77,"column":59}}]},"8":{"type":"branch","line":77,"loc":{"start":{"line":77,"column":26},"end":{"line":77,"column":59}},"locations":[{"start":{"line":77,"column":26},"end":{"line":77,"column":59}}]},"9":{"type":"branch","line":95,"loc":{"start":{"line":95,"column":7},"end":{"line":108,"column":1}},"locations":[{"start":{"line":95,"column":7},"end":{"line":108,"column":1}}]},"10":{"type":"branch","line":97,"loc":{"start":{"line":97,"column":23},"end":{"line":97,"column":62}},"locations":[{"start":{"line":97,"column":23},"end":{"line":97,"column":62}}]},"11":{"type":"branch","line":98,"loc":{"start":{"line":98,"column":23},"end":{"line":98,"column":54}},"locations":[{"start":{"line":98,"column":23},"end":{"line":98,"column":54}}]},"12":{"type":"branch","line":100,"loc":{"start":{"line":100,"column":26},"end":{"line":106,"column":3}},"locations":[{"start":{"line":100,"column":26},"end":{"line":106,"column":3}}]},"13":{"type":"branch","line":106,"loc":{"start":{"line":106,"column":2},"end":{"line":108,"column":1}},"locations":[{"start":{"line":106,"column":2},"end":{"line":108,"column":1}}]},"14":{"type":"branch","line":129,"loc":{"start":{"line":129,"column":7},"end":{"line":147,"column":1}},"locations":[{"start":{"line":129,"column":7},"end":{"line":147,"column":1}}]},"15":{"type":"branch","line":132,"loc":{"start":{"line":132,"column":14},"end":{"line":132,"column":53}},"locations":[{"start":{"line":132,"column":14},"end":{"line":132,"column":53}}]},"16":{"type":"branch","line":132,"loc":{"start":{"line":132,"column":53},"end":{"line":134,"column":3}},"locations":[{"start":{"line":132,"column":53},"end":{"line":134,"column":3}}]},"17":{"type":"branch","line":136,"loc":{"start":{"line":136,"column":53},"end":{"line":138,"column":3}},"locations":[{"start":{"line":136,"column":53},"end":{"line":138,"column":3}}]},"18":{"type":"branch","line":139,"loc":{"start":{"line":139,"column":45},"end":{"line":141,"column":3}},"locations":[{"start":{"line":139,"column":45},"end":{"line":141,"column":3}}]},"19":{"type":"branch","line":142,"loc":{"start":{"line":142,"column":49},"end":{"line":144,"column":3}},"locations":[{"start":{"line":142,"column":49},"end":{"line":144,"column":3}}]},"20":{"type":"branch","line":146,"loc":{"start":{"line":146,"column":28},"end":{"line":146,"column":50}},"locations":[{"start":{"line":146,"column":28},"end":{"line":146,"column":50}}]},"21":{"type":"branch","line":146,"loc":{"start":{"line":146,"column":46},"end":{"line":146,"column":76}},"locations":[{"start":{"line":146,"column":46},"end":{"line":146,"column":76}}]},"22":{"type":"branch","line":153,"loc":{"start":{"line":153,"column":7},"end":{"line":162,"column":1}},"locations":[{"start":{"line":153,"column":7},"end":{"line":162,"column":1}}]},"23":{"type":"branch","line":154,"loc":{"start":{"line":154,"column":20},"end":{"line":162,"column":1}},"locations":[{"start":{"line":154,"column":20},"end":{"line":162,"column":1}}]}},"b":{"0":[2],"1":[1],"2":[2],"3":[1],"4":[7],"5":[4],"6":[3],"7":[13],"8":[10],"9":[4],"10":[2],"11":[2],"12":[3],"13":[1],"14":[9],"15":[7],"16":[3],"17":[3],"18":[3],"19":[3],"20":[2],"21":[7],"22":[2],"23":[1]},"fnMap":{"0":{"name":"canExitExtraction","decl":{"start":{"line":36,"column":7},"end":{"line":45,"column":1}},"loc":{"start":{"line":36,"column":7},"end":{"line":45,"column":1}},"line":36},"1":{"name":"canExitGapAnalysis","decl":{"start":{"line":53,"column":7},"end":{"line":62,"column":1}},"loc":{"start":{"line":53,"column":7},"end":{"line":62,"column":1}},"line":53},"2":{"name":"canExitResolution","decl":{"start":{"line":75,"column":7},"end":{"line":86,"column":1}},"loc":{"start":{"line":75,"column":7},"end":{"line":86,"column":1}},"line":75},"3":{"name":"canExitReview","decl":{"start":{"line":95,"column":7},"end":{"line":108,"column":1}},"loc":{"start":{"line":95,"column":7},"end":{"line":108,"column":1}},"line":95},"4":{"name":"validateWaiver","decl":{"start":{"line":129,"column":7},"end":{"line":147,"column":1}},"loc":{"start":{"line":129,"column":7},"end":{"line":147,"column":1}},"line":129},"5":{"name":"waiverToGateResult","decl":{"start":{"line":153,"column":7},"end":{"line":162,"column":1}},"loc":{"start":{"line":153,"column":7},"end":{"line":162,"column":1}},"line":153}},"f":{"0":2,"1":2,"2":7,"3":4,"4":9,"5":2}}
,"/Users/milanstokic/development/claude-hackathon/forward-momentum/src/flow/state-machine.ts": {"path":"/Users/milanstokic/development/claude-hackathon/forward-momentum/src/flow/state-machine.ts","all":false,"statementMap":{"0":{"start":{"line":1,"column":0},"end":{"line":1,"column":3}},"1":{"start":{"line":2,"column":0},"end":{"line":2,"column":63}},"2":{"start":{"line":3,"column":0},"end":{"line":3,"column":2}},"3":{"start":{"line":4,"column":0},"end":{"line":4,"column":21}},"4":{"start":{"line":5,"column":0},"end":{"line":5,"column":81}},"5":{"start":{"line":6,"column":0},"end":{"line":6,"column":2}},"6":{"start":{"line":7,"column":0},"end":{"line":7,"column":9}},"7":{"start":{"line":8,"column":0},"end":{"line":8,"column":55}},"8":{"start":{"line":9,"column":0},"end":{"line":9,"column":70}},"9":{"start":{"line":10,"column":0},"end":{"line":10,"column":70}},"10":{"start":{"line":11,"column":0},"end":{"line":11,"column":76}},"11":{"start":{"line":12,"column":0},"end":{"line":12,"column":69}},"12":{"start":{"line":13,"column":0},"end":{"line":13,"column":2}},"13":{"start":{"line":14,"column":0},"end":{"line":14,"column":81}},"14":{"start":{"line":15,"column":0},"end":{"line":15,"column":28}},"15":{"start":{"line":16,"column":0},"end":{"line":16,"column":3}},"16":{"start":{"line":17,"column":0},"end":{"line":17,"column":0}},"17":{"start":{"line":18,"column":0},"end":{"line":18,"column":94}},"18":{"start":{"line":19,"column":0},"end":{"line":19,"column":0}},"19":{"start":{"line":20,"column":0},"end":{"line":20,"column":78}},"20":{"start":{"line":21,"column":0},"end":{"line":21,"column":17}},"21":{"start":{"line":22,"column":0},"end":{"line":22,"column":78}},"22":{"start":{"line":23,"column":0},"end":{"line":23,"column":0}},"23":{"start":{"line":24,"column":0},"end":{"line":24,"column":41}},"24":{"start":{"line":25,"column":0},"end":{"line":25,"column":11}},"25":{"start":{"line":26,"column":0},"end":{"line":26,"column":15}},"26":{"start":{"line":27,"column":0},"end":{"line":27,"column":16}},"27":{"start":{"line":28,"column":0},"end":{"line":28,"column":15}},"28":{"start":{"line":29,"column":0},"end":{"line":29,"column":13}},"29":{"start":{"line":30,"column":0},"end":{"line":30,"column":11}},"30":{"start":{"line":31,"column":0},"end":{"line":31,"column":12}},"31":{"start":{"line":32,"column":0},"end":{"line":32,"column":2}},"32":{"start":{"line":33,"column":0},"end":{"line":33,"column":0}},"33":{"start":{"line":34,"column":0},"end":{"line":34,"column":53}},"34":{"start":{"line":35,"column":0},"end":{"line":35,"column":35}},"35":{"start":{"line":36,"column":0},"end":{"line":36,"column":1}},"36":{"start":{"line":37,"column":0},"end":{"line":37,"column":0}},"37":{"start":{"line":38,"column":0},"end":{"line":38,"column":78}},"38":{"start":{"line":39,"column":0},"end":{"line":39,"column":30}},"39":{"start":{"line":40,"column":0},"end":{"line":40,"column":78}},"40":{"start":{"line":41,"column":0},"end":{"line":41,"column":0}},"41":{"start":{"line":42,"column":0},"end":{"line":42,"column":82}},"42":{"start":{"line":43,"column":0},"end":{"line":43,"column":57}},"43":{"start":{"line":44,"column":0},"end":{"line":44,"column":23}},"44":{"start":{"line":45,"column":0},"end":{"line":45,"column":28}},"45":{"start":{"line":46,"column":0},"end":{"line":46,"column":28}},"46":{"start":{"line":47,"column":0},"end":{"line":47,"column":25}},"47":{"start":{"line":48,"column":0},"end":{"line":48,"column":21}},"48":{"start":{"line":49,"column":0},"end":{"line":49,"column":20}},"49":{"start":{"line":50,"column":0},"end":{"line":50,"column":16}},"50":{"start":{"line":51,"column":0},"end":{"line":51,"column":2}},"51":{"start":{"line":52,"column":0},"end":{"line":52,"column":0}},"52":{"start":{"line":53,"column":0},"end":{"line":53,"column":85}},"53":{"start":{"line":54,"column":0},"end":{"line":54,"column":57}},"54":{"start":{"line":55,"column":0},"end":{"line":55,"column":15}},"55":{"start":{"line":56,"column":0},"end":{"line":56,"column":23}},"56":{"start":{"line":57,"column":0},"end":{"line":57,"column":28}},"57":{"start":{"line":58,"column":0},"end":{"line":58,"column":28}},"58":{"start":{"line":59,"column":0},"end":{"line":59,"column":25}},"59":{"start":{"line":60,"column":0},"end":{"line":60,"column":21}},"60":{"start":{"line":61,"column":0},"end":{"line":61,"column":20}},"61":{"start":{"line":62,"column":0},"end":{"line":62,"column":2}},"62":{"start":{"line":63,"column":0},"end":{"line":63,"column":0}},"63":{"start":{"line":64,"column":0},"end":{"line":64,"column":78}},"64":{"start":{"line":65,"column":0},"end":{"line":65,"column":25}},"65":{"start":{"line":66,"column":0},"end":{"line":66,"column":78}},"66":{"start":{"line":67,"column":0},"end":{"line":67,"column":0}},"67":{"start":{"line":68,"column":0},"end":{"line":68,"column":30}},"68":{"start":{"line":69,"column":0},"end":{"line":69,"column":34}},"69":{"start":{"line":70,"column":0},"end":{"line":70,"column":34}},"70":{"start":{"line":71,"column":0},"end":{"line":71,"column":0}},"71":{"start":{"line":72,"column":0},"end":{"line":72,"column":78}},"72":{"start":{"line":73,"column":0},"end":{"line":73,"column":18}},"73":{"start":{"line":74,"column":0},"end":{"line":74,"column":78}},"74":{"start":{"line":75,"column":0},"end":{"line":75,"column":0}},"75":{"start":{"line":76,"column":0},"end":{"line":76,"column":3}},"76":{"start":{"line":77,"column":0},"end":{"line":77,"column":77}},"77":{"start":{"line":78,"column":0},"end":{"line":78,"column":47}},"78":{"start":{"line":79,"column":0},"end":{"line":79,"column":2}},"79":{"start":{"line":80,"column":0},"end":{"line":80,"column":24}},"80":{"start":{"line":81,"column":0},"end":{"line":81,"column":41}},"81":{"start":{"line":82,"column":0},"end":{"line":82,"column":42}},"82":{"start":{"line":83,"column":0},"end":{"line":83,"column":41}},"83":{"start":{"line":84,"column":0},"end":{"line":84,"column":37}},"84":{"start":{"line":85,"column":0},"end":{"line":85,"column":3}},"85":{"start":{"line":86,"column":0},"end":{"line":86,"column":68}},"86":{"start":{"line":87,"column":0},"end":{"line":87,"column":64}},"87":{"start":{"line":88,"column":0},"end":{"line":88,"column":29}},"88":{"start":{"line":89,"column":0},"end":{"line":89,"column":31}},"89":{"start":{"line":90,"column":0},"end":{"line":90,"column":29}},"90":{"start":{"line":91,"column":0},"end":{"line":91,"column":21}},"91":{"start":{"line":92,"column":0},"end":{"line":92,"column":4}},"92":{"start":{"line":93,"column":0},"end":{"line":93,"column":28}},"93":{"start":{"line":94,"column":0},"end":{"line":94,"column":1}},"94":{"start":{"line":95,"column":0},"end":{"line":95,"column":0}},"95":{"start":{"line":96,"column":0},"end":{"line":96,"column":78}},"96":{"start":{"line":97,"column":0},"end":{"line":97,"column":19}},"97":{"start":{"line":98,"column":0},"end":{"line":98,"column":78}},"98":{"start":{"line":99,"column":0},"end":{"line":99,"column":0}},"99":{"start":{"line":100,"column":0},"end":{"line":100,"column":64}},"100":{"start":{"line":101,"column":0},"end":{"line":101,"column":10}},"101":{"start":{"line":102,"column":0},"end":{"line":102,"column":27}},"102":{"start":{"line":103,"column":0},"end":{"line":103,"column":12}},"103":{"start":{"line":104,"column":0},"end":{"line":104,"column":28}},"104":{"start":{"line":105,"column":0},"end":{"line":105,"column":29}},"105":{"start":{"line":106,"column":0},"end":{"line":106,"column":28}},"106":{"start":{"line":107,"column":0},"end":{"line":107,"column":24}},"107":{"start":{"line":108,"column":0},"end":{"line":108,"column":6}},"108":{"start":{"line":109,"column":0},"end":{"line":109,"column":14}},"109":{"start":{"line":110,"column":0},"end":{"line":110,"column":4}},"110":{"start":{"line":111,"column":0},"end":{"line":111,"column":1}},"111":{"start":{"line":112,"column":0},"end":{"line":112,"column":0}},"112":{"start":{"line":113,"column":0},"end":{"line":113,"column":78}},"113":{"start":{"line":114,"column":0},"end":{"line":114,"column":40}},"114":{"start":{"line":115,"column":0},"end":{"line":115,"column":78}},"115":{"start":{"line":116,"column":0},"end":{"line":116,"column":0}},"116":{"start":{"line":117,"column":0},"end":{"line":117,"column":3}},"117":{"start":{"line":118,"column":0},"end":{"line":118,"column":72}},"118":{"start":{"line":119,"column":0},"end":{"line":119,"column":2}},"119":{"start":{"line":120,"column":0},"end":{"line":120,"column":72}},"120":{"start":{"line":121,"column":0},"end":{"line":121,"column":76}},"121":{"start":{"line":122,"column":0},"end":{"line":122,"column":65}},"122":{"start":{"line":123,"column":0},"end":{"line":123,"column":2}},"123":{"start":{"line":124,"column":0},"end":{"line":124,"column":36}},"124":{"start":{"line":125,"column":0},"end":{"line":125,"column":81}},"125":{"start":{"line":126,"column":0},"end":{"line":126,"column":3}},"126":{"start":{"line":127,"column":0},"end":{"line":127,"column":85}},"127":{"start":{"line":128,"column":0},"end":{"line":128,"column":46}},"128":{"start":{"line":129,"column":0},"end":{"line":129,"column":22}},"129":{"start":{"line":130,"column":0},"end":{"line":130,"column":12}},"130":{"start":{"line":131,"column":0},"end":{"line":131,"column":16}},"131":{"start":{"line":132,"column":0},"end":{"line":132,"column":75}},"132":{"start":{"line":133,"column":0},"end":{"line":133,"column":6}},"133":{"start":{"line":134,"column":0},"end":{"line":134,"column":3}},"134":{"start":{"line":135,"column":0},"end":{"line":135,"column":0}},"135":{"start":{"line":136,"column":0},"end":{"line":136,"column":50}},"136":{"start":{"line":137,"column":0},"end":{"line":137,"column":25}},"137":{"start":{"line":138,"column":0},"end":{"line":138,"column":44}},"138":{"start":{"line":139,"column":0},"end":{"line":139,"column":61}},"139":{"start":{"line":140,"column":0},"end":{"line":140,"column":14}},"140":{"start":{"line":141,"column":0},"end":{"line":141,"column":18}},"141":{"start":{"line":142,"column":0},"end":{"line":142,"column":139}},"142":{"start":{"line":143,"column":0},"end":{"line":143,"column":8}},"143":{"start":{"line":144,"column":0},"end":{"line":144,"column":5}},"144":{"start":{"line":145,"column":0},"end":{"line":145,"column":3}},"145":{"start":{"line":146,"column":0},"end":{"line":146,"column":0}},"146":{"start":{"line":147,"column":0},"end":{"line":147,"column":10}},"147":{"start":{"line":148,"column":0},"end":{"line":148,"column":13}},"148":{"start":{"line":149,"column":0},"end":{"line":149,"column":55}},"149":{"start":{"line":150,"column":0},"end":{"line":150,"column":4}},"150":{"start":{"line":151,"column":0},"end":{"line":151,"column":1}},"151":{"start":{"line":152,"column":0},"end":{"line":152,"column":0}},"152":{"start":{"line":153,"column":0},"end":{"line":153,"column":78}},"153":{"start":{"line":154,"column":0},"end":{"line":154,"column":41}},"154":{"start":{"line":155,"column":0},"end":{"line":155,"column":78}},"155":{"start":{"line":156,"column":0},"end":{"line":156,"column":0}},"156":{"start":{"line":157,"column":0},"end":{"line":157,"column":3}},"157":{"start":{"line":158,"column":0},"end":{"line":158,"column":77}},"158":{"start":{"line":159,"column":0},"end":{"line":159,"column":46}},"159":{"start":{"line":160,"column":0},"end":{"line":160,"column":3}},"160":{"start":{"line":161,"column":0},"end":{"line":161,"column":85}},"161":{"start":{"line":162,"column":0},"end":{"line":162,"column":46}},"162":{"start":{"line":163,"column":0},"end":{"line":163,"column":22}},"163":{"start":{"line":164,"column":0},"end":{"line":164,"column":12}},"164":{"start":{"line":165,"column":0},"end":{"line":165,"column":16}},"165":{"start":{"line":166,"column":0},"end":{"line":166,"column":74}},"166":{"start":{"line":167,"column":0},"end":{"line":167,"column":6}},"167":{"start":{"line":168,"column":0},"end":{"line":168,"column":3}},"168":{"start":{"line":169,"column":0},"end":{"line":169,"column":10}},"169":{"start":{"line":170,"column":0},"end":{"line":170,"column":13}},"170":{"start":{"line":171,"column":0},"end":{"line":171,"column":55}},"171":{"start":{"line":172,"column":0},"end":{"line":172,"column":4}},"172":{"start":{"line":173,"column":0},"end":{"line":173,"column":1}},"173":{"start":{"line":174,"column":0},"end":{"line":174,"column":0}},"174":{"start":{"line":175,"column":0},"end":{"line":175,"column":78}},"175":{"start":{"line":176,"column":0},"end":{"line":176,"column":63}},"176":{"start":{"line":177,"column":0},"end":{"line":177,"column":78}},"177":{"start":{"line":178,"column":0},"end":{"line":178,"column":0}},"178":{"start":{"line":179,"column":0},"end":{"line":179,"column":3}},"179":{"start":{"line":180,"column":0},"end":{"line":180,"column":79}},"180":{"start":{"line":181,"column":0},"end":{"line":181,"column":79}},"181":{"start":{"line":182,"column":0},"end":{"line":182,"column":48}},"182":{"start":{"line":183,"column":0},"end":{"line":183,"column":2}},"183":{"start":{"line":184,"column":0},"end":{"line":184,"column":65}},"184":{"start":{"line":185,"column":0},"end":{"line":185,"column":3}},"185":{"start":{"line":186,"column":0},"end":{"line":186,"column":29}},"186":{"start":{"line":187,"column":0},"end":{"line":187,"column":19}},"187":{"start":{"line":188,"column":0},"end":{"line":188,"column":20}},"188":{"start":{"line":189,"column":0},"end":{"line":189,"column":19}},"189":{"start":{"line":190,"column":0},"end":{"line":190,"column":21}},"190":{"start":{"line":191,"column":0},"end":{"line":191,"column":38}},"191":{"start":{"line":192,"column":0},"end":{"line":192,"column":12}},"192":{"start":{"line":193,"column":0},"end":{"line":193,"column":16}},"193":{"start":{"line":194,"column":0},"end":{"line":194,"column":45}},"194":{"start":{"line":195,"column":0},"end":{"line":195,"column":6}},"195":{"start":{"line":196,"column":0},"end":{"line":196,"column":3}},"196":{"start":{"line":197,"column":0},"end":{"line":197,"column":0}},"197":{"start":{"line":198,"column":0},"end":{"line":198,"column":52}},"198":{"start":{"line":199,"column":0},"end":{"line":199,"column":39}},"199":{"start":{"line":200,"column":0},"end":{"line":200,"column":39}},"200":{"start":{"line":201,"column":0},"end":{"line":201,"column":0}},"201":{"start":{"line":202,"column":0},"end":{"line":202,"column":56}},"202":{"start":{"line":203,"column":0},"end":{"line":203,"column":20}},"203":{"start":{"line":204,"column":0},"end":{"line":204,"column":42}},"204":{"start":{"line":205,"column":0},"end":{"line":205,"column":3}},"205":{"start":{"line":206,"column":0},"end":{"line":206,"column":21}},"206":{"start":{"line":207,"column":0},"end":{"line":207,"column":42}},"207":{"start":{"line":208,"column":0},"end":{"line":208,"column":3}},"208":{"start":{"line":209,"column":0},"end":{"line":209,"column":0}},"209":{"start":{"line":210,"column":0},"end":{"line":210,"column":10}},"210":{"start":{"line":211,"column":0},"end":{"line":211,"column":14}},"211":{"start":{"line":212,"column":0},"end":{"line":212,"column":180}},"212":{"start":{"line":213,"column":0},"end":{"line":213,"column":4}},"213":{"start":{"line":214,"column":0},"end":{"line":214,"column":1}},"214":{"start":{"line":215,"column":0},"end":{"line":215,"column":0}},"215":{"start":{"line":216,"column":0},"end":{"line":216,"column":78}},"216":{"start":{"line":217,"column":0},"end":{"line":217,"column":62}},"217":{"start":{"line":218,"column":0},"end":{"line":218,"column":78}},"218":{"start":{"line":219,"column":0},"end":{"line":219,"column":0}},"219":{"start":{"line":220,"column":0},"end":{"line":220,"column":3}},"220":{"start":{"line":221,"column":0},"end":{"line":221,"column":69}},"221":{"start":{"line":222,"column":0},"end":{"line":222,"column":70}},"222":{"start":{"line":223,"column":0},"end":{"line":223,"column":38}},"223":{"start":{"line":224,"column":0},"end":{"line":224,"column":2}},"224":{"start":{"line":225,"column":0},"end":{"line":225,"column":74}},"225":{"start":{"line":226,"column":0},"end":{"line":226,"column":76}},"226":{"start":{"line":227,"column":0},"end":{"line":227,"column":66}},"227":{"start":{"line":228,"column":0},"end":{"line":228,"column":3}},"228":{"start":{"line":229,"column":0},"end":{"line":229,"column":55}},"229":{"start":{"line":230,"column":0},"end":{"line":230,"column":0}},"230":{"start":{"line":231,"column":0},"end":{"line":231,"column":84}},"231":{"start":{"line":232,"column":0},"end":{"line":232,"column":50}},"232":{"start":{"line":233,"column":0},"end":{"line":233,"column":0}},"233":{"start":{"line":234,"column":0},"end":{"line":234,"column":57}},"234":{"start":{"line":235,"column":0},"end":{"line":235,"column":0}},"235":{"start":{"line":236,"column":0},"end":{"line":236,"column":56}},"236":{"start":{"line":237,"column":0},"end":{"line":237,"column":64}},"237":{"start":{"line":238,"column":0},"end":{"line":238,"column":33}},"238":{"start":{"line":239,"column":0},"end":{"line":239,"column":35}},"239":{"start":{"line":240,"column":0},"end":{"line":240,"column":33}},"240":{"start":{"line":241,"column":0},"end":{"line":241,"column":25}},"241":{"start":{"line":242,"column":0},"end":{"line":242,"column":4}},"242":{"start":{"line":243,"column":0},"end":{"line":243,"column":0}},"243":{"start":{"line":244,"column":0},"end":{"line":244,"column":55}},"244":{"start":{"line":245,"column":0},"end":{"line":245,"column":51}},"245":{"start":{"line":246,"column":0},"end":{"line":246,"column":54}},"246":{"start":{"line":247,"column":0},"end":{"line":247,"column":5}},"247":{"start":{"line":248,"column":0},"end":{"line":248,"column":3}},"248":{"start":{"line":249,"column":0},"end":{"line":249,"column":0}},"249":{"start":{"line":250,"column":0},"end":{"line":250,"column":10}},"250":{"start":{"line":251,"column":0},"end":{"line":251,"column":34}},"251":{"start":{"line":252,"column":0},"end":{"line":252,"column":24}},"252":{"start":{"line":253,"column":0},"end":{"line":253,"column":14}},"253":{"start":{"line":254,"column":0},"end":{"line":254,"column":4}},"254":{"start":{"line":255,"column":0},"end":{"line":255,"column":1}},"255":{"start":{"line":256,"column":0},"end":{"line":256,"column":0}},"256":{"start":{"line":257,"column":0},"end":{"line":257,"column":78}},"257":{"start":{"line":258,"column":0},"end":{"line":258,"column":54}},"258":{"start":{"line":259,"column":0},"end":{"line":259,"column":78}},"259":{"start":{"line":260,"column":0},"end":{"line":260,"column":0}},"260":{"start":{"line":261,"column":0},"end":{"line":261,"column":3}},"261":{"start":{"line":262,"column":0},"end":{"line":262,"column":75}},"262":{"start":{"line":263,"column":0},"end":{"line":263,"column":60}},"263":{"start":{"line":264,"column":0},"end":{"line":264,"column":3}},"264":{"start":{"line":265,"column":0},"end":{"line":265,"column":25}},"265":{"start":{"line":266,"column":0},"end":{"line":266,"column":19}},"266":{"start":{"line":267,"column":0},"end":{"line":267,"column":28}},"267":{"start":{"line":268,"column":0},"end":{"line":268,"column":19}},"268":{"start":{"line":269,"column":0},"end":{"line":269,"column":14}},"269":{"start":{"line":270,"column":0},"end":{"line":270,"column":10}},"270":{"start":{"line":271,"column":0},"end":{"line":271,"column":13}},"271":{"start":{"line":272,"column":0},"end":{"line":272,"column":62}},"272":{"start":{"line":273,"column":0},"end":{"line":273,"column":14}},"273":{"start":{"line":274,"column":0},"end":{"line":274,"column":4}},"274":{"start":{"line":275,"column":0},"end":{"line":275,"column":1}},"275":{"start":{"line":276,"column":0},"end":{"line":276,"column":0}},"276":{"start":{"line":277,"column":0},"end":{"line":277,"column":3}},"277":{"start":{"line":278,"column":0},"end":{"line":278,"column":75}},"278":{"start":{"line":279,"column":0},"end":{"line":279,"column":73}},"279":{"start":{"line":280,"column":0},"end":{"line":280,"column":3}},"280":{"start":{"line":281,"column":0},"end":{"line":281,"column":26}},"281":{"start":{"line":282,"column":0},"end":{"line":282,"column":19}},"282":{"start":{"line":283,"column":0},"end":{"line":283,"column":28}},"283":{"start":{"line":284,"column":0},"end":{"line":284,"column":19}},"284":{"start":{"line":285,"column":0},"end":{"line":285,"column":14}},"285":{"start":{"line":286,"column":0},"end":{"line":286,"column":10}},"286":{"start":{"line":287,"column":0},"end":{"line":287,"column":13}},"287":{"start":{"line":288,"column":0},"end":{"line":288,"column":62}},"288":{"start":{"line":289,"column":0},"end":{"line":289,"column":14}},"289":{"start":{"line":290,"column":0},"end":{"line":290,"column":4}},"290":{"start":{"line":291,"column":0},"end":{"line":291,"column":1}},"291":{"start":{"line":292,"column":0},"end":{"line":292,"column":0}},"292":{"start":{"line":293,"column":0},"end":{"line":293,"column":78}},"293":{"start":{"line":294,"column":0},"end":{"line":294,"column":41}},"294":{"start":{"line":295,"column":0},"end":{"line":295,"column":78}},"295":{"start":{"line":296,"column":0},"end":{"line":296,"column":0}},"296":{"start":{"line":297,"column":0},"end":{"line":297,"column":3}},"297":{"start":{"line":298,"column":0},"end":{"line":298,"column":72}},"298":{"start":{"line":299,"column":0},"end":{"line":299,"column":70}},"299":{"start":{"line":300,"column":0},"end":{"line":300,"column":3}},"300":{"start":{"line":301,"column":0},"end":{"line":301,"column":66}},"301":{"start":{"line":302,"column":0},"end":{"line":302,"column":35}},"302":{"start":{"line":303,"column":0},"end":{"line":303,"column":37}},"303":{"start":{"line":304,"column":0},"end":{"line":304,"column":1}},"304":{"start":{"line":305,"column":0},"end":{"line":305,"column":0}},"305":{"start":{"line":306,"column":0},"end":{"line":306,"column":3}},"306":{"start":{"line":307,"column":0},"end":{"line":307,"column":72}},"307":{"start":{"line":308,"column":0},"end":{"line":308,"column":49}},"308":{"start":{"line":309,"column":0},"end":{"line":309,"column":3}},"309":{"start":{"line":310,"column":0},"end":{"line":310,"column":66}},"310":{"start":{"line":311,"column":0},"end":{"line":311,"column":35}},"311":{"start":{"line":312,"column":0},"end":{"line":312,"column":37}},"312":{"start":{"line":313,"column":0},"end":{"line":313,"column":1}}},"s":{"0":1,"1":1,"2":1,"3":1,"4":1,"5":1,"6":1,"7":1,"8":1,"9":1,"10":1,"11":1,"12":1,"13":1,"14":1,"15":1,"16":1,"17":1,"18":1,"19":1,"20":1,"21":1,"22":1,"23":1,"24":1,"25":1,"26":1,"27":1,"28":1,"29":1,"30":1,"31":1,"32":1,"33":1,"34":58,"35":58,"36":1,"37":1,"38":1,"39":1,"40":1,"41":1,"42":1,"43":1,"44":1,"45":1,"46":1,"47":1,"48":1,"49":1,"50":1,"51":1,"52":1,"53":1,"54":1,"55":1,"56":1,"57":1,"58":1,"59":1,"60":1,"61":1,"62":1,"63":1,"64":1,"65":1,"66":1,"67":1,"68":1,"69":1,"70":1,"71":1,"72":1,"73":1,"74":1,"75":1,"76":1,"77":1,"78":1,"79":1,"80":1,"81":1,"82":1,"83":1,"84":1,"85":13,"86":13,"87":13,"88":13,"89":13,"90":13,"91":13,"92":13,"93":13,"94":1,"95":1,"96":1,"97":1,"98":1,"99":1,"100":1,"101":1,"102":1,"103":1,"104":1,"105":1,"106":1,"107":1,"108":1,"109":1,"110":1,"111":1,"112":1,"113":1,"114":1,"115":1,"116":1,"117":1,"118":1,"119":1,"120":1,"121":1,"122":1,"123":1,"124":1,"125":1,"126":1,"127":14,"128":14,"129":1,"130":1,"131":1,"132":1,"133":1,"134":13,"135":13,"136":14,"137":11,"138":11,"139":4,"140":4,"141":4,"142":4,"143":4,"144":11,"145":9,"146":9,"147":9,"148":9,"149":9,"150":9,"151":1,"152":1,"153":1,"154":1,"155":1,"156":1,"157":1,"158":1,"159":1,"160":1,"161":8,"162":8,"163":1,"164":1,"165":1,"166":1,"167":1,"168":7,"169":7,"170":7,"171":7,"172":7,"173":1,"174":1,"175":1,"176":1,"177":1,"178":1,"179":1,"180":1,"181":1,"182":1,"183":1,"184":1,"185":1,"186":6,"187":6,"188":6,"189":6,"190":6,"191":1,"192":1,"193":1,"194":1,"195":1,"196":5,"197":5,"198":5,"199":5,"200":5,"201":5,"202":6,"203":1,"204":1,"205":6,"206":1,"207":1,"208":3,"209":3,"210":3,"211":3,"212":3,"213":3,"214":1,"215":1,"216":1,"217":1,"218":1,"219":1,"220":1,"221":1,"222":1,"223":1,"224":1,"225":1,"226":1,"227":1,"228":1,"229":1,"230":1,"231":6,"232":6,"233":6,"234":6,"235":6,"236":6,"237":6,"238":6,"239":6,"240":6,"241":6,"242":6,"243":6,"244":24,"245":24,"246":24,"247":24,"248":6,"249":6,"250":6,"251":6,"252":6,"253":6,"254":6,"255":1,"256":1,"257":1,"258":1,"259":1,"260":1,"261":1,"262":1,"263":1,"264":1,"265":2,"266":2,"267":2,"268":2,"269":2,"270":2,"271":2,"272":2,"273":2,"274":2,"275":1,"276":1,"277":1,"278":1,"279":1,"280":1,"281":2,"282":2,"283":2,"284":2,"285":2,"286":2,"287":2,"288":2,"289":2,"290":2,"291":1,"292":1,"293":1,"294":1,"295":1,"296":1,"297":1,"298":1,"299":1,"300":1,"301":8,"302":8,"303":8,"304":1,"305":1,"306":1,"307":1,"308":1,"309":1,"310":2,"311":2,"312":2},"branchMap":{"0":{"type":"branch","line":34,"loc":{"start":{"line":34,"column":7},"end":{"line":36,"column":1}},"locations":[{"start":{"line":34,"column":7},"end":{"line":36,"column":1}}]},"1":{"type":"branch","line":86,"loc":{"start":{"line":86,"column":0},"end":{"line":94,"column":1}},"locations":[{"start":{"line":86,"column":0},"end":{"line":94,"column":1}}]},"2":{"type":"branch","line":93,"loc":{"start":{"line":93,"column":18},"end":{"line":93,"column":28}},"locations":[{"start":{"line":93,"column":18},"end":{"line":93,"column":28}}]},"3":{"type":"branch","line":100,"loc":{"start":{"line":100,"column":7},"end":{"line":111,"column":1}},"locations":[{"start":{"line":100,"column":7},"end":{"line":111,"column":1}}]},"4":{"type":"branch","line":127,"loc":{"start":{"line":127,"column":7},"end":{"line":151,"column":1}},"locations":[{"start":{"line":127,"column":7},"end":{"line":151,"column":1}}]},"5":{"type":"branch","line":129,"loc":{"start":{"line":129,"column":21},"end":{"line":134,"column":3}},"locations":[{"start":{"line":129,"column":21},"end":{"line":134,"column":3}}]},"6":{"type":"branch","line":134,"loc":{"start":{"line":134,"column":2},"end":{"line":137,"column":24}},"locations":[{"start":{"line":134,"column":2},"end":{"line":137,"column":24}}]},"7":{"type":"branch","line":137,"loc":{"start":{"line":137,"column":24},"end":{"line":145,"column":3}},"locations":[{"start":{"line":137,"column":24},"end":{"line":145,"column":3}}]},"8":{"type":"branch","line":139,"loc":{"start":{"line":139,"column":23},"end":{"line":139,"column":60}},"locations":[{"start":{"line":139,"column":23},"end":{"line":139,"column":60}}]},"9":{"type":"branch","line":139,"loc":{"start":{"line":139,"column":60},"end":{"line":144,"column":5}},"locations":[{"start":{"line":139,"column":60},"end":{"line":144,"column":5}}]},"10":{"type":"branch","line":145,"loc":{"start":{"line":145,"column":2},"end":{"line":151,"column":1}},"locations":[{"start":{"line":145,"column":2},"end":{"line":151,"column":1}}]},"11":{"type":"branch","line":161,"loc":{"start":{"line":161,"column":7},"end":{"line":173,"column":1}},"locations":[{"start":{"line":161,"column":7},"end":{"line":173,"column":1}}]},"12":{"type":"branch","line":163,"loc":{"start":{"line":163,"column":21},"end":{"line":168,"column":3}},"locations":[{"start":{"line":163,"column":21},"end":{"line":168,"column":3}}]},"13":{"type":"branch","line":168,"loc":{"start":{"line":168,"column":2},"end":{"line":173,"column":1}},"locations":[{"start":{"line":168,"column":2},"end":{"line":173,"column":1}}]},"14":{"type":"branch","line":186,"loc":{"start":{"line":186,"column":7},"end":{"line":214,"column":1}},"locations":[{"start":{"line":186,"column":7},"end":{"line":214,"column":1}}]},"15":{"type":"branch","line":191,"loc":{"start":{"line":191,"column":37},"end":{"line":196,"column":3}},"locations":[{"start":{"line":191,"column":37},"end":{"line":196,"column":3}}]},"16":{"type":"branch","line":196,"loc":{"start":{"line":196,"column":2},"end":{"line":203,"column":19}},"locations":[{"start":{"line":196,"column":2},"end":{"line":203,"column":19}}]},"17":{"type":"branch","line":203,"loc":{"start":{"line":203,"column":19},"end":{"line":205,"column":3}},"locations":[{"start":{"line":203,"column":19},"end":{"line":205,"column":3}}]},"18":{"type":"branch","line":205,"loc":{"start":{"line":205,"column":2},"end":{"line":206,"column":20}},"locations":[{"start":{"line":205,"column":2},"end":{"line":206,"column":20}}]},"19":{"type":"branch","line":206,"loc":{"start":{"line":206,"column":20},"end":{"line":208,"column":3}},"locations":[{"start":{"line":206,"column":20},"end":{"line":208,"column":3}}]},"20":{"type":"branch","line":208,"loc":{"start":{"line":208,"column":2},"end":{"line":214,"column":1}},"locations":[{"start":{"line":208,"column":2},"end":{"line":214,"column":1}}]},"21":{"type":"branch","line":231,"loc":{"start":{"line":231,"column":7},"end":{"line":255,"column":1}},"locations":[{"start":{"line":231,"column":7},"end":{"line":255,"column":1}}]},"22":{"type":"branch","line":244,"loc":{"start":{"line":244,"column":54},"end":{"line":248,"column":3}},"locations":[{"start":{"line":244,"column":54},"end":{"line":248,"column":3}}]},"23":{"type":"branch","line":265,"loc":{"start":{"line":265,"column":7},"end":{"line":275,"column":1}},"locations":[{"start":{"line":265,"column":7},"end":{"line":275,"column":1}}]},"24":{"type":"branch","line":281,"loc":{"start":{"line":281,"column":7},"end":{"line":291,"column":1}},"locations":[{"start":{"line":281,"column":7},"end":{"line":291,"column":1}}]},"25":{"type":"branch","line":301,"loc":{"start":{"line":301,"column":7},"end":{"line":304,"column":1}},"locations":[{"start":{"line":301,"column":7},"end":{"line":304,"column":1}}]},"26":{"type":"branch","line":303,"loc":{"start":{"line":303,"column":18},"end":{"line":303,"column":34}},"locations":[{"start":{"line":303,"column":18},"end":{"line":303,"column":34}}]},"27":{"type":"branch","line":303,"loc":{"start":{"line":303,"column":30},"end":{"line":303,"column":37}},"locations":[{"start":{"line":303,"column":30},"end":{"line":303,"column":37}}]},"28":{"type":"branch","line":310,"loc":{"start":{"line":310,"column":7},"end":{"line":313,"column":1}},"locations":[{"start":{"line":310,"column":7},"end":{"line":313,"column":1}}]},"29":{"type":"branch","line":312,"loc":{"start":{"line":312,"column":18},"end":{"line":312,"column":34}},"locations":[{"start":{"line":312,"column":18},"end":{"line":312,"column":34}}]},"30":{"type":"branch","line":312,"loc":{"start":{"line":312,"column":30},"end":{"line":312,"column":37}},"locations":[{"start":{"line":312,"column":30},"end":{"line":312,"column":37}}]}},"b":{"0":[58],"1":[13],"2":[2],"3":[1],"4":[14],"5":[1],"6":[13],"7":[11],"8":[5],"9":[4],"10":[9],"11":[8],"12":[1],"13":[7],"14":[6],"15":[1],"16":[5],"17":[1],"18":[4],"19":[1],"20":[3],"21":[6],"22":[24],"23":[2],"24":[2],"25":[8],"26":[7],"27":[1],"28":[2],"29":[1],"30":[1]},"fnMap":{"0":{"name":"stageIndex","decl":{"start":{"line":34,"column":7},"end":{"line":36,"column":1}},"loc":{"start":{"line":34,"column":7},"end":{"line":36,"column":1}},"line":34},"1":{"name":"exitGateFor","decl":{"start":{"line":86,"column":0},"end":{"line":94,"column":1}},"loc":{"start":{"line":86,"column":0},"end":{"line":94,"column":1}},"line":86},"2":{"name":"initialFlowState","decl":{"start":{"line":100,"column":7},"end":{"line":111,"column":1}},"loc":{"start":{"line":100,"column":7},"end":{"line":111,"column":1}},"line":100},"3":{"name":"advanceStage","decl":{"start":{"line":127,"column":7},"end":{"line":151,"column":1}},"loc":{"start":{"line":127,"column":7},"end":{"line":151,"column":1}},"line":127},"4":{"name":"retreatStage","decl":{"start":{"line":161,"column":7},"end":{"line":173,"column":1}},"loc":{"start":{"line":161,"column":7},"end":{"line":173,"column":1}},"line":161},"5":{"name":"transitionTo","decl":{"start":{"line":186,"column":7},"end":{"line":214,"column":1}},"loc":{"start":{"line":186,"column":7},"end":{"line":214,"column":1}},"line":186},"6":{"name":"loopbackOnNewInput","decl":{"start":{"line":231,"column":7},"end":{"line":255,"column":1}},"loc":{"start":{"line":231,"column":7},"end":{"line":255,"column":1}},"line":231},"7":{"name":"passGate","decl":{"start":{"line":265,"column":7},"end":{"line":275,"column":1}},"loc":{"start":{"line":265,"column":7},"end":{"line":275,"column":1}},"line":265},"8":{"name":"waiveGate","decl":{"start":{"line":281,"column":7},"end":{"line":291,"column":1}},"loc":{"start":{"line":281,"column":7},"end":{"line":291,"column":1}},"line":281},"9":{"name":"validNextStages","decl":{"start":{"line":301,"column":7},"end":{"line":304,"column":1}},"loc":{"start":{"line":301,"column":7},"end":{"line":304,"column":1}},"line":301},"10":{"name":"validPrevStages","decl":{"start":{"line":310,"column":7},"end":{"line":313,"column":1}},"loc":{"start":{"line":310,"column":7},"end":{"line":313,"column":1}},"line":310}},"f":{"0":58,"1":13,"2":1,"3":14,"4":8,"5":6,"6":6,"7":2,"8":2,"9":8,"10":2}}
,"/Users/milanstokic/development/claude-hackathon/forward-momentum/src/flow/store.ts": {"path":"/Users/milanstokic/development/claude-hackathon/forward-momentum/src/flow/store.ts","all":false,"statementMap":{"0":{"start":{"line":1,"column":0},"end":{"line":1,"column":3}},"1":{"start":{"line":2,"column":0},"end":{"line":2,"column":62}},"2":{"start":{"line":3,"column":0},"end":{"line":3,"column":2}},"3":{"start":{"line":4,"column":0},"end":{"line":4,"column":56}},"4":{"start":{"line":5,"column":0},"end":{"line":5,"column":2}},"5":{"start":{"line":6,"column":0},"end":{"line":6,"column":20}},"6":{"start":{"line":7,"column":0},"end":{"line":7,"column":68}},"7":{"start":{"line":8,"column":0},"end":{"line":8,"column":80}},"8":{"start":{"line":9,"column":0},"end":{"line":9,"column":30}},"9":{"start":{"line":10,"column":0},"end":{"line":10,"column":77}},"10":{"start":{"line":11,"column":0},"end":{"line":11,"column":81}},"11":{"start":{"line":12,"column":0},"end":{"line":12,"column":2}},"12":{"start":{"line":13,"column":0},"end":{"line":13,"column":22}},"13":{"start":{"line":14,"column":0},"end":{"line":14,"column":74}},"14":{"start":{"line":15,"column":0},"end":{"line":15,"column":58}},"15":{"start":{"line":16,"column":0},"end":{"line":16,"column":79}},"16":{"start":{"line":17,"column":0},"end":{"line":17,"column":3}},"17":{"start":{"line":18,"column":0},"end":{"line":18,"column":0}},"18":{"start":{"line":19,"column":0},"end":{"line":19,"column":25}},"19":{"start":{"line":20,"column":0},"end":{"line":20,"column":29}},"20":{"start":{"line":21,"column":0},"end":{"line":21,"column":0}},"21":{"start":{"line":22,"column":0},"end":{"line":22,"column":71}},"22":{"start":{"line":23,"column":0},"end":{"line":23,"column":61}},"23":{"start":{"line":24,"column":0},"end":{"line":24,"column":0}},"24":{"start":{"line":25,"column":0},"end":{"line":25,"column":78}},"25":{"start":{"line":26,"column":0},"end":{"line":26,"column":8}},"26":{"start":{"line":27,"column":0},"end":{"line":27,"column":78}},"27":{"start":{"line":28,"column":0},"end":{"line":28,"column":0}},"28":{"start":{"line":29,"column":0},"end":{"line":29,"column":25}},"29":{"start":{"line":30,"column":0},"end":{"line":30,"column":32}},"30":{"start":{"line":31,"column":0},"end":{"line":31,"column":34}},"31":{"start":{"line":32,"column":0},"end":{"line":32,"column":0}},"32":{"start":{"line":33,"column":0},"end":{"line":33,"column":50}},"33":{"start":{"line":34,"column":0},"end":{"line":34,"column":51}},"34":{"start":{"line":35,"column":0},"end":{"line":35,"column":1}},"35":{"start":{"line":36,"column":0},"end":{"line":36,"column":0}},"36":{"start":{"line":37,"column":0},"end":{"line":37,"column":49}},"37":{"start":{"line":38,"column":0},"end":{"line":38,"column":44}},"38":{"start":{"line":39,"column":0},"end":{"line":39,"column":1}},"39":{"start":{"line":40,"column":0},"end":{"line":40,"column":0}},"40":{"start":{"line":41,"column":0},"end":{"line":41,"column":78}},"41":{"start":{"line":42,"column":0},"end":{"line":42,"column":13}},"42":{"start":{"line":43,"column":0},"end":{"line":43,"column":78}},"43":{"start":{"line":44,"column":0},"end":{"line":44,"column":0}},"44":{"start":{"line":45,"column":0},"end":{"line":45,"column":3}},"45":{"start":{"line":46,"column":0},"end":{"line":46,"column":57}},"46":{"start":{"line":47,"column":0},"end":{"line":47,"column":68}},"47":{"start":{"line":48,"column":0},"end":{"line":48,"column":2}},"48":{"start":{"line":49,"column":0},"end":{"line":49,"column":63}},"49":{"start":{"line":50,"column":0},"end":{"line":50,"column":72}},"50":{"start":{"line":51,"column":0},"end":{"line":51,"column":3}},"51":{"start":{"line":52,"column":0},"end":{"line":52,"column":79}},"52":{"start":{"line":53,"column":0},"end":{"line":53,"column":44}},"53":{"start":{"line":54,"column":0},"end":{"line":54,"column":0}},"54":{"start":{"line":55,"column":0},"end":{"line":55,"column":34}},"55":{"start":{"line":56,"column":0},"end":{"line":56,"column":48}},"56":{"start":{"line":57,"column":0},"end":{"line":57,"column":38}},"57":{"start":{"line":58,"column":0},"end":{"line":58,"column":19}},"58":{"start":{"line":59,"column":0},"end":{"line":59,"column":3}},"59":{"start":{"line":60,"column":0},"end":{"line":60,"column":0}},"60":{"start":{"line":61,"column":0},"end":{"line":61,"column":50}},"61":{"start":{"line":62,"column":0},"end":{"line":62,"column":38}},"62":{"start":{"line":63,"column":0},"end":{"line":63,"column":1}},"63":{"start":{"line":64,"column":0},"end":{"line":64,"column":0}},"64":{"start":{"line":65,"column":0},"end":{"line":65,"column":78}},"65":{"start":{"line":66,"column":0},"end":{"line":66,"column":14}},"66":{"start":{"line":67,"column":0},"end":{"line":67,"column":78}},"67":{"start":{"line":68,"column":0},"end":{"line":68,"column":0}},"68":{"start":{"line":69,"column":0},"end":{"line":69,"column":3}},"69":{"start":{"line":70,"column":0},"end":{"line":70,"column":48}},"70":{"start":{"line":71,"column":0},"end":{"line":71,"column":41}},"71":{"start":{"line":72,"column":0},"end":{"line":72,"column":3}},"72":{"start":{"line":73,"column":0},"end":{"line":73,"column":74}},"73":{"start":{"line":74,"column":0},"end":{"line":74,"column":48}},"74":{"start":{"line":75,"column":0},"end":{"line":75,"column":45}},"75":{"start":{"line":76,"column":0},"end":{"line":76,"column":19}},"76":{"start":{"line":77,"column":0},"end":{"line":77,"column":28}},"77":{"start":{"line":78,"column":0},"end":{"line":78,"column":35}},"78":{"start":{"line":79,"column":0},"end":{"line":79,"column":11}},"79":{"start":{"line":80,"column":0},"end":{"line":80,"column":4}},"80":{"start":{"line":81,"column":0},"end":{"line":81,"column":1}},"81":{"start":{"line":82,"column":0},"end":{"line":82,"column":0}},"82":{"start":{"line":83,"column":0},"end":{"line":83,"column":78}},"83":{"start":{"line":84,"column":0},"end":{"line":84,"column":20}},"84":{"start":{"line":85,"column":0},"end":{"line":85,"column":78}},"85":{"start":{"line":86,"column":0},"end":{"line":86,"column":0}},"86":{"start":{"line":87,"column":0},"end":{"line":87,"column":3}},"87":{"start":{"line":88,"column":0},"end":{"line":88,"column":48}},"88":{"start":{"line":89,"column":0},"end":{"line":89,"column":76}},"89":{"start":{"line":90,"column":0},"end":{"line":90,"column":33}},"90":{"start":{"line":91,"column":0},"end":{"line":91,"column":2}},"91":{"start":{"line":92,"column":0},"end":{"line":92,"column":64}},"92":{"start":{"line":93,"column":0},"end":{"line":93,"column":48}},"93":{"start":{"line":94,"column":0},"end":{"line":94,"column":3}},"94":{"start":{"line":95,"column":0},"end":{"line":95,"column":77}},"95":{"start":{"line":96,"column":0},"end":{"line":96,"column":37}},"96":{"start":{"line":97,"column":0},"end":{"line":97,"column":41}},"97":{"start":{"line":98,"column":0},"end":{"line":98,"column":0}},"98":{"start":{"line":99,"column":0},"end":{"line":99,"column":62}},"99":{"start":{"line":100,"column":0},"end":{"line":100,"column":61}},"100":{"start":{"line":101,"column":0},"end":{"line":101,"column":44}},"101":{"start":{"line":102,"column":0},"end":{"line":102,"column":0}},"102":{"start":{"line":103,"column":0},"end":{"line":103,"column":43}},"103":{"start":{"line":104,"column":0},"end":{"line":104,"column":47}},"104":{"start":{"line":105,"column":0},"end":{"line":105,"column":1}},"105":{"start":{"line":106,"column":0},"end":{"line":106,"column":0}},"106":{"start":{"line":107,"column":0},"end":{"line":107,"column":78}},"107":{"start":{"line":108,"column":0},"end":{"line":108,"column":10}},"108":{"start":{"line":109,"column":0},"end":{"line":109,"column":78}},"109":{"start":{"line":110,"column":0},"end":{"line":110,"column":0}},"110":{"start":{"line":111,"column":0},"end":{"line":111,"column":57}},"111":{"start":{"line":112,"column":0},"end":{"line":112,"column":32}},"112":{"start":{"line":113,"column":0},"end":{"line":113,"column":26}},"113":{"start":{"line":114,"column":0},"end":{"line":114,"column":27}},"114":{"start":{"line":115,"column":0},"end":{"line":115,"column":26}},"115":{"start":{"line":116,"column":0},"end":{"line":116,"column":22}},"116":{"start":{"line":117,"column":0},"end":{"line":117,"column":4}},"117":{"start":{"line":118,"column":0},"end":{"line":118,"column":54}},"118":{"start":{"line":119,"column":0},"end":{"line":119,"column":1}},"119":{"start":{"line":120,"column":0},"end":{"line":120,"column":0}},"120":{"start":{"line":121,"column":0},"end":{"line":121,"column":3}},"121":{"start":{"line":122,"column":0},"end":{"line":122,"column":61}},"122":{"start":{"line":123,"column":0},"end":{"line":123,"column":3}},"123":{"start":{"line":124,"column":0},"end":{"line":124,"column":55}},"124":{"start":{"line":125,"column":0},"end":{"line":125,"column":29}},"125":{"start":{"line":126,"column":0},"end":{"line":126,"column":0}},"126":{"start":{"line":127,"column":0},"end":{"line":127,"column":46}},"127":{"start":{"line":128,"column":0},"end":{"line":128,"column":17}},"128":{"start":{"line":129,"column":0},"end":{"line":129,"column":39}},"129":{"start":{"line":130,"column":0},"end":{"line":130,"column":39}},"130":{"start":{"line":131,"column":0},"end":{"line":131,"column":48}},"131":{"start":{"line":132,"column":0},"end":{"line":132,"column":52}},"132":{"start":{"line":133,"column":0},"end":{"line":133,"column":52}},"133":{"start":{"line":134,"column":0},"end":{"line":134,"column":65}},"134":{"start":{"line":135,"column":0},"end":{"line":135,"column":17}},"135":{"start":{"line":136,"column":0},"end":{"line":136,"column":0}},"136":{"start":{"line":137,"column":0},"end":{"line":137,"column":39}},"137":{"start":{"line":138,"column":0},"end":{"line":138,"column":36}},"138":{"start":{"line":139,"column":0},"end":{"line":139,"column":19}},"139":{"start":{"line":140,"column":0},"end":{"line":140,"column":36}},"140":{"start":{"line":141,"column":0},"end":{"line":141,"column":36}},"141":{"start":{"line":142,"column":0},"end":{"line":142,"column":52}},"142":{"start":{"line":143,"column":0},"end":{"line":143,"column":50}},"143":{"start":{"line":144,"column":0},"end":{"line":144,"column":50}},"144":{"start":{"line":145,"column":0},"end":{"line":145,"column":19}},"145":{"start":{"line":146,"column":0},"end":{"line":146,"column":29}},"146":{"start":{"line":147,"column":0},"end":{"line":147,"column":19}},"147":{"start":{"line":148,"column":0},"end":{"line":148,"column":37}},"148":{"start":{"line":149,"column":0},"end":{"line":149,"column":19}},"149":{"start":{"line":150,"column":0},"end":{"line":150,"column":39}},"150":{"start":{"line":151,"column":0},"end":{"line":151,"column":19}},"151":{"start":{"line":152,"column":0},"end":{"line":152,"column":15}},"152":{"start":{"line":153,"column":0},"end":{"line":153,"column":103}},"153":{"start":{"line":154,"column":0},"end":{"line":154,"column":6}},"154":{"start":{"line":155,"column":0},"end":{"line":155,"column":15}},"155":{"start":{"line":156,"column":0},"end":{"line":156,"column":86}},"156":{"start":{"line":157,"column":0},"end":{"line":157,"column":6}},"157":{"start":{"line":158,"column":0},"end":{"line":158,"column":15}},"158":{"start":{"line":159,"column":0},"end":{"line":159,"column":94}},"159":{"start":{"line":160,"column":0},"end":{"line":160,"column":6}},"160":{"start":{"line":161,"column":0},"end":{"line":161,"column":19}},"161":{"start":{"line":162,"column":0},"end":{"line":162,"column":3}},"162":{"start":{"line":163,"column":0},"end":{"line":163,"column":0}},"163":{"start":{"line":164,"column":0},"end":{"line":164,"column":26}},"164":{"start":{"line":165,"column":0},"end":{"line":165,"column":1}},"165":{"start":{"line":166,"column":0},"end":{"line":166,"column":0}},"166":{"start":{"line":167,"column":0},"end":{"line":167,"column":42}},"167":{"start":{"line":168,"column":0},"end":{"line":168,"column":35}}},"s":{"0":1,"1":1,"2":1,"3":1,"4":1,"5":1,"6":1,"7":1,"8":1,"9":1,"10":1,"11":1,"12":1,"13":1,"14":1,"15":1,"16":1,"17":1,"18":1,"19":1,"20":1,"21":1,"22":1,"23":1,"24":1,"25":1,"26":1,"27":1,"28":1,"29":1,"30":1,"31":1,"32":11,"33":11,"34":11,"35":1,"36":8,"37":8,"38":8,"39":1,"40":1,"41":1,"42":1,"43":1,"44":1,"45":1,"46":1,"47":1,"48":1,"49":1,"50":1,"51":1,"52":5,"53":5,"54":5,"55":2,"56":2,"57":2,"58":2,"59":3,"60":3,"61":3,"62":3,"63":1,"64":1,"65":1,"66":1,"67":1,"68":1,"69":1,"70":1,"71":1,"72":1,"73":6,"74":6,"75":6,"76":6,"77":6,"78":6,"79":6,"80":6,"81":1,"82":1,"83":1,"84":1,"85":1,"86":1,"87":1,"88":1,"89":1,"90":1,"91":1,"92":1,"93":1,"94":1,"95":8,"96":8,"97":8,"98":8,"99":8,"100":8,"101":8,"102":8,"103":8,"104":8,"105":1,"106":1,"107":1,"108":1,"109":1,"110":2,"111":2,"112":2,"113":2,"114":2,"115":2,"116":2,"117":2,"118":2,"119":1,"120":1,"121":1,"122":1,"123":8,"124":8,"125":8,"126":8,"127":8,"128":8,"129":8,"130":8,"131":8,"132":8,"133":8,"134":8,"135":8,"136":8,"137":2,"138":2,"139":2,"140":2,"141":2,"142":2,"143":2,"144":2,"145":2,"146":2,"147":2,"148":2,"149":2,"150":2,"151":2,"152":2,"153":2,"154":2,"155":2,"156":2,"157":2,"158":2,"159":2,"160":2,"161":2,"162":8,"163":8,"164":8,"165":1,"166":1,"167":1},"branchMap":{"0":{"type":"branch","line":33,"loc":{"start":{"line":33,"column":0},"end":{"line":35,"column":1}},"locations":[{"start":{"line":33,"column":0},"end":{"line":35,"column":1}}]},"1":{"type":"branch","line":37,"loc":{"start":{"line":37,"column":0},"end":{"line":39,"column":1}},"locations":[{"start":{"line":37,"column":0},"end":{"line":39,"column":1}}]},"2":{"type":"branch","line":52,"loc":{"start":{"line":52,"column":7},"end":{"line":63,"column":1}},"locations":[{"start":{"line":52,"column":7},"end":{"line":63,"column":1}}]},"3":{"type":"branch","line":55,"loc":{"start":{"line":55,"column":33},"end":{"line":59,"column":3}},"locations":[{"start":{"line":55,"column":33},"end":{"line":59,"column":3}}]},"4":{"type":"branch","line":59,"loc":{"start":{"line":59,"column":2},"end":{"line":63,"column":1}},"locations":[{"start":{"line":59,"column":2},"end":{"line":63,"column":1}}]},"5":{"type":"branch","line":73,"loc":{"start":{"line":73,"column":7},"end":{"line":81,"column":1}},"locations":[{"start":{"line":73,"column":7},"end":{"line":81,"column":1}}]},"6":{"type":"branch","line":95,"loc":{"start":{"line":95,"column":7},"end":{"line":105,"column":1}},"locations":[{"start":{"line":95,"column":7},"end":{"line":105,"column":1}}]},"7":{"type":"branch","line":111,"loc":{"start":{"line":111,"column":0},"end":{"line":119,"column":1}},"locations":[{"start":{"line":111,"column":0},"end":{"line":119,"column":1}}]},"8":{"type":"branch","line":124,"loc":{"start":{"line":124,"column":0},"end":{"line":165,"column":1}},"locations":[{"start":{"line":124,"column":0},"end":{"line":165,"column":1}}]},"9":{"type":"branch","line":134,"loc":{"start":{"line":134,"column":38},"end":{"line":134,"column":55}},"locations":[{"start":{"line":134,"column":38},"end":{"line":134,"column":55}}]},"10":{"type":"branch","line":134,"loc":{"start":{"line":134,"column":47},"end":{"line":134,"column":59}},"locations":[{"start":{"line":134,"column":47},"end":{"line":134,"column":59}}]},"11":{"type":"branch","line":137,"loc":{"start":{"line":137,"column":13},"end":{"line":137,"column":38}},"locations":[{"start":{"line":137,"column":13},"end":{"line":137,"column":38}}]},"12":{"type":"branch","line":137,"loc":{"start":{"line":137,"column":38},"end":{"line":162,"column":3}},"locations":[{"start":{"line":137,"column":38},"end":{"line":162,"column":3}}]},"13":{"type":"branch","line":153,"loc":{"start":{"line":153,"column":89},"end":{"line":153,"column":101}},"locations":[{"start":{"line":153,"column":89},"end":{"line":153,"column":101}}]},"14":{"type":"branch","line":156,"loc":{"start":{"line":156,"column":72},"end":{"line":156,"column":84}},"locations":[{"start":{"line":156,"column":72},"end":{"line":156,"column":84}}]},"15":{"type":"branch","line":159,"loc":{"start":{"line":159,"column":80},"end":{"line":159,"column":92}},"locations":[{"start":{"line":159,"column":80},"end":{"line":159,"column":92}}]}},"b":{"0":[11],"1":[8],"2":[5],"3":[2],"4":[3],"5":[6],"6":[8],"7":[2],"8":[8],"9":[2],"10":[6],"11":[2],"12":[2],"13":[0],"14":[0],"15":[0]},"fnMap":{"0":{"name":"flowStatePath","decl":{"start":{"line":33,"column":0},"end":{"line":35,"column":1}},"loc":{"start":{"line":33,"column":0},"end":{"line":35,"column":1}},"line":33},"1":{"name":"decisionsDir","decl":{"start":{"line":37,"column":0},"end":{"line":39,"column":1}},"loc":{"start":{"line":37,"column":0},"end":{"line":39,"column":1}},"line":37},"2":{"name":"readFlowState","decl":{"start":{"line":52,"column":7},"end":{"line":63,"column":1}},"loc":{"start":{"line":52,"column":7},"end":{"line":63,"column":1}},"line":52},"3":{"name":"writeFlowState","decl":{"start":{"line":73,"column":7},"end":{"line":81,"column":1}},"loc":{"start":{"line":73,"column":7},"end":{"line":81,"column":1}},"line":73},"4":{"name":"writeGateRecord","decl":{"start":{"line":95,"column":7},"end":{"line":105,"column":1}},"loc":{"start":{"line":95,"column":7},"end":{"line":105,"column":1}},"line":95},"5":{"name":"makeInitialState","decl":{"start":{"line":111,"column":0},"end":{"line":119,"column":1}},"loc":{"start":{"line":111,"column":0},"end":{"line":119,"column":1}},"line":111},"6":{"name":"formatGateRecord","decl":{"start":{"line":124,"column":0},"end":{"line":165,"column":1}},"loc":{"start":{"line":124,"column":0},"end":{"line":165,"column":1}},"line":124}},"f":{"0":11,"1":8,"2":5,"3":6,"4":8,"5":2,"6":8}}
,"/Users/milanstokic/development/claude-hackathon/forward-momentum/src/model/guards.ts": {"path":"/Users/milanstokic/development/claude-hackathon/forward-momentum/src/model/guards.ts","all":false,"statementMap":{"0":{"start":{"line":1,"column":0},"end":{"line":1,"column":52}},"1":{"start":{"line":2,"column":0},"end":{"line":2,"column":69}},"2":{"start":{"line":3,"column":0},"end":{"line":3,"column":0}},"3":{"start":{"line":4,"column":0},"end":{"line":4,"column":78}},"4":{"start":{"line":5,"column":0},"end":{"line":5,"column":38}},"5":{"start":{"line":6,"column":0},"end":{"line":6,"column":78}},"6":{"start":{"line":7,"column":0},"end":{"line":7,"column":0}},"7":{"start":{"line":8,"column":0},"end":{"line":8,"column":29}},"8":{"start":{"line":9,"column":0},"end":{"line":9,"column":16}},"9":{"start":{"line":10,"column":0},"end":{"line":10,"column":18}},"10":{"start":{"line":11,"column":0},"end":{"line":11,"column":18}},"11":{"start":{"line":12,"column":0},"end":{"line":12,"column":1}},"12":{"start":{"line":13,"column":0},"end":{"line":13,"column":0}},"13":{"start":{"line":14,"column":0},"end":{"line":14,"column":28}},"14":{"start":{"line":15,"column":0},"end":{"line":15,"column":25}},"15":{"start":{"line":16,"column":0},"end":{"line":16,"column":40}},"16":{"start":{"line":17,"column":0},"end":{"line":17,"column":0}},"17":{"start":{"line":18,"column":0},"end":{"line":18,"column":78}},"18":{"start":{"line":19,"column":0},"end":{"line":19,"column":19}},"19":{"start":{"line":20,"column":0},"end":{"line":20,"column":78}},"20":{"start":{"line":21,"column":0},"end":{"line":21,"column":0}},"21":{"start":{"line":22,"column":0},"end":{"line":22,"column":60}},"22":{"start":{"line":23,"column":0},"end":{"line":23,"column":62}},"23":{"start":{"line":24,"column":0},"end":{"line":24,"column":1}},"24":{"start":{"line":25,"column":0},"end":{"line":25,"column":0}},"25":{"start":{"line":26,"column":0},"end":{"line":26,"column":81}},"26":{"start":{"line":27,"column":0},"end":{"line":27,"column":48}},"27":{"start":{"line":28,"column":0},"end":{"line":28,"column":12}},"28":{"start":{"line":29,"column":0},"end":{"line":29,"column":16}},"29":{"start":{"line":30,"column":0},"end":{"line":30,"column":76}},"30":{"start":{"line":31,"column":0},"end":{"line":31,"column":6}},"31":{"start":{"line":32,"column":0},"end":{"line":32,"column":3}},"32":{"start":{"line":33,"column":0},"end":{"line":33,"column":45}},"33":{"start":{"line":34,"column":0},"end":{"line":34,"column":34}},"34":{"start":{"line":35,"column":0},"end":{"line":35,"column":0}},"35":{"start":{"line":36,"column":0},"end":{"line":36,"column":45}},"36":{"start":{"line":37,"column":0},"end":{"line":37,"column":17}},"37":{"start":{"line":38,"column":0},"end":{"line":38,"column":36}},"38":{"start":{"line":39,"column":0},"end":{"line":39,"column":44}},"39":{"start":{"line":40,"column":0},"end":{"line":40,"column":31}},"40":{"start":{"line":41,"column":0},"end":{"line":41,"column":7}},"41":{"start":{"line":42,"column":0},"end":{"line":42,"column":3}},"42":{"start":{"line":43,"column":0},"end":{"line":43,"column":42}},"43":{"start":{"line":44,"column":0},"end":{"line":44,"column":17}},"44":{"start":{"line":45,"column":0},"end":{"line":45,"column":33}},"45":{"start":{"line":46,"column":0},"end":{"line":46,"column":44}},"46":{"start":{"line":47,"column":0},"end":{"line":47,"column":28}},"47":{"start":{"line":48,"column":0},"end":{"line":48,"column":7}},"48":{"start":{"line":49,"column":0},"end":{"line":49,"column":3}},"49":{"start":{"line":50,"column":0},"end":{"line":50,"column":40}},"50":{"start":{"line":51,"column":0},"end":{"line":51,"column":17}},"51":{"start":{"line":52,"column":0},"end":{"line":52,"column":31}},"52":{"start":{"line":53,"column":0},"end":{"line":53,"column":44}},"53":{"start":{"line":54,"column":0},"end":{"line":54,"column":26}},"54":{"start":{"line":55,"column":0},"end":{"line":55,"column":7}},"55":{"start":{"line":56,"column":0},"end":{"line":56,"column":3}},"56":{"start":{"line":57,"column":0},"end":{"line":57,"column":0}},"57":{"start":{"line":58,"column":0},"end":{"line":58,"column":54}},"58":{"start":{"line":59,"column":0},"end":{"line":59,"column":10}},"59":{"start":{"line":60,"column":0},"end":{"line":60,"column":13}},"60":{"start":{"line":61,"column":0},"end":{"line":61,"column":11}},"61":{"start":{"line":62,"column":0},"end":{"line":62,"column":46}},"62":{"start":{"line":63,"column":0},"end":{"line":63,"column":40}},"63":{"start":{"line":64,"column":0},"end":{"line":64,"column":36}},"64":{"start":{"line":65,"column":0},"end":{"line":65,"column":6}},"65":{"start":{"line":66,"column":0},"end":{"line":66,"column":4}},"66":{"start":{"line":67,"column":0},"end":{"line":67,"column":1}},"67":{"start":{"line":68,"column":0},"end":{"line":68,"column":0}},"68":{"start":{"line":69,"column":0},"end":{"line":69,"column":78}},"69":{"start":{"line":70,"column":0},"end":{"line":70,"column":59}},"70":{"start":{"line":71,"column":0},"end":{"line":71,"column":78}},"71":{"start":{"line":72,"column":0},"end":{"line":72,"column":0}},"72":{"start":{"line":73,"column":0},"end":{"line":73,"column":76}},"73":{"start":{"line":74,"column":0},"end":{"line":74,"column":48}},"74":{"start":{"line":75,"column":0},"end":{"line":75,"column":12}},"75":{"start":{"line":76,"column":0},"end":{"line":76,"column":16}},"76":{"start":{"line":77,"column":0},"end":{"line":77,"column":15}},"77":{"start":{"line":78,"column":0},"end":{"line":78,"column":80}},"78":{"start":{"line":79,"column":0},"end":{"line":79,"column":8}},"79":{"start":{"line":80,"column":0},"end":{"line":80,"column":6}},"80":{"start":{"line":81,"column":0},"end":{"line":81,"column":3}},"81":{"start":{"line":82,"column":0},"end":{"line":82,"column":45}},"82":{"start":{"line":83,"column":0},"end":{"line":83,"column":34}},"83":{"start":{"line":84,"column":0},"end":{"line":84,"column":0}},"84":{"start":{"line":85,"column":0},"end":{"line":85,"column":37}},"85":{"start":{"line":86,"column":0},"end":{"line":86,"column":17}},"86":{"start":{"line":87,"column":0},"end":{"line":87,"column":35}},"87":{"start":{"line":88,"column":0},"end":{"line":88,"column":44}},"88":{"start":{"line":89,"column":0},"end":{"line":89,"column":23}},"89":{"start":{"line":90,"column":0},"end":{"line":90,"column":7}},"90":{"start":{"line":91,"column":0},"end":{"line":91,"column":3}},"91":{"start":{"line":92,"column":0},"end":{"line":92,"column":42}},"92":{"start":{"line":93,"column":0},"end":{"line":93,"column":17}},"93":{"start":{"line":94,"column":0},"end":{"line":94,"column":40}},"94":{"start":{"line":95,"column":0},"end":{"line":95,"column":44}},"95":{"start":{"line":96,"column":0},"end":{"line":96,"column":28}},"96":{"start":{"line":97,"column":0},"end":{"line":97,"column":7}},"97":{"start":{"line":98,"column":0},"end":{"line":98,"column":3}},"98":{"start":{"line":99,"column":0},"end":{"line":99,"column":0}},"99":{"start":{"line":100,"column":0},"end":{"line":100,"column":42}},"100":{"start":{"line":101,"column":0},"end":{"line":101,"column":68}},"101":{"start":{"line":102,"column":0},"end":{"line":102,"column":17}},"102":{"start":{"line":103,"column":0},"end":{"line":103,"column":43}},"103":{"start":{"line":104,"column":0},"end":{"line":104,"column":43}},"104":{"start":{"line":105,"column":0},"end":{"line":105,"column":27}},"105":{"start":{"line":106,"column":0},"end":{"line":106,"column":7}},"106":{"start":{"line":107,"column":0},"end":{"line":107,"column":3}},"107":{"start":{"line":108,"column":0},"end":{"line":108,"column":0}},"108":{"start":{"line":109,"column":0},"end":{"line":109,"column":54}},"109":{"start":{"line":110,"column":0},"end":{"line":110
[...]
olumn":39}},"259":{"start":{"line":260,"column":0},"end":{"line":260,"column":4}},"260":{"start":{"line":261,"column":0},"end":{"line":261,"column":0}},"261":{"start":{"line":262,"column":0},"end":{"line":262,"column":30}},"262":{"start":{"line":263,"column":0},"end":{"line":263,"column":40}},"263":{"start":{"line":264,"column":0},"end":{"line":264,"column":61}},"264":{"start":{"line":265,"column":0},"end":{"line":265,"column":8}},"265":{"start":{"line":266,"column":0},"end":{"line":266,"column":36}},"266":{"start":{"line":267,"column":0},"end":{"line":267,"column":40}},"267":{"start":{"line":268,"column":0},"end":{"line":268,"column":33}},"268":{"start":{"line":269,"column":0},"end":{"line":269,"column":7}},"269":{"start":{"line":270,"column":0},"end":{"line":270,"column":24}},"270":{"start":{"line":271,"column":0},"end":{"line":271,"column":22}},"271":{"start":{"line":272,"column":0},"end":{"line":272,"column":30}},"272":{"start":{"line":273,"column":0},"end":{"line":273,"column":22}},"273":{"start":{"line":274,"column":0},"end":{"line":274,"column":8}},"274":{"start":{"line":275,"column":0},"end":{"line":275,"column":5}},"275":{"start":{"line":276,"column":0},"end":{"line":276,"column":3}},"276":{"start":{"line":277,"column":0},"end":{"line":277,"column":0}},"277":{"start":{"line":278,"column":0},"end":{"line":278,"column":33}},"278":{"start":{"line":279,"column":0},"end":{"line":279,"column":1}},"279":{"start":{"line":280,"column":0},"end":{"line":280,"column":0}},"280":{"start":{"line":281,"column":0},"end":{"line":281,"column":3}},"281":{"start":{"line":282,"column":0},"end":{"line":282,"column":84}},"282":{"start":{"line":283,"column":0},"end":{"line":283,"column":43}},"283":{"start":{"line":284,"column":0},"end":{"line":284,"column":3}},"284":{"start":{"line":285,"column":0},"end":{"line":285,"column":61}},"285":{"start":{"line":286,"column":0},"end":{"line":286,"column":28}},"286":{"start":{"line":287,"column":0},"end":{"line":287,"column":12}},"287":{"start":{"line":288,"column":0},"end":{"line":288,"column":16}},"288":{"start":{"line":289,"column":0},"end":{"line":289,"column":83}},"289":{"start":{"line":290,"column":0},"end":{"line":290,"column":6}},"290":{"start":{"line":291,"column":0},"end":{"line":291,"column":3}},"291":{"start":{"line":292,"column":0},"end":{"line":292,"column":0}},"292":{"start":{"line":293,"column":0},"end":{"line":293,"column":64}},"293":{"start":{"line":294,"column":0},"end":{"line":294,"column":27}},"294":{"start":{"line":295,"column":0},"end":{"line":295,"column":67}},"295":{"start":{"line":296,"column":0},"end":{"line":296,"column":30}},"296":{"start":{"line":297,"column":0},"end":{"line":297,"column":0}},"297":{"start":{"line":298,"column":0},"end":{"line":298,"column":68}},"298":{"start":{"line":299,"column":0},"end":{"line":299,"column":0}},"299":{"start":{"line":300,"column":0},"end":{"line":300,"column":10}},"300":{"start":{"line":301,"column":0},"end":{"line":301,"column":13}},"301":{"start":{"line":302,"column":0},"end":{"line":302,"column":17}},"302":{"start":{"line":303,"column":0},"end":{"line":303,"column":56}},"303":{"start":{"line":304,"column":0},"end":{"line":304,"column":26}},"304":{"start":{"line":305,"column":0},"end":{"line":305,"column":4}},"305":{"start":{"line":306,"column":0},"end":{"line":306,"column":1}}},"s":{"0":1,"1":1,"2":1,"3":1,"4":1,"5":1,"6":1,"7":1,"8":1,"9":1,"10":1,"11":1,"12":1,"13":1,"14":1,"15":1,"16":1,"17":1,"18":1,"19":1,"20":1,"21":135,"22":135,"23":135,"24":1,"25":26,"26":26,"27":0,"28":0,"29":0,"30":0,"31":0,"32":26,"33":26,"34":26,"35":26,"36":1,"37":1,"38":1,"39":1,"40":1,"41":1,"42":26,"43":0,"44":0,"45":0,"46":0,"47":0,"48":0,"49":26,"50":1,"51":1,"52":1,"53":1,"54":1,"55":1,"56":26,"57":26,"58":24,"59":24,"60":24,"61":24,"62":24,"63":24,"64":24,"65":24,"66":24,"67":1,"68":1,"69":1,"70":1,"71":1,"72":8,"73":8,"74":0,"75":0,"76":0,"77":0,"78":0,"79":0,"80":0,"81":8,"82":8,"83":8,"84":8,"85":1,"86":1,"87":1,"88":1,"89":1,"90":1,"91":8,"92":1,"93":1,"94":1,"95":1,"96":1,"97":1,"98":8,"99":8,"100":8,"101":2,"102":2,"103":2,"104":2,"105":2,"106":2,"107":8,"108":8,"109":4,"110":4,"111":4,"112":4,"113":4,"114":4,"115":4,"116":4,"117":8,"118":3,"119":3,"120":3,"121":3,"122":3,"123":3,"124":3,"125":3,"126":3,"127":3,"128":3,"129":3,"130":1,"131":1,"132":1,"133":1,"134":1,"135":1,"136":8,"137":1,"138":1,"139":1,"140":1,"141":1,"142":7,"143":7,"144":7,"145":7,"146":7,"147":7,"148":8,"149":2,"150":2,"151":2,"152":2,"153":2,"154":2,"155":2,"156":2,"157":1,"158":1,"159":1,"160":1,"161":1,"162":1,"163":1,"164":1,"165":1,"166":19,"167":19,"168":19,"169":19,"170":19,"171":19,"172":19,"173":19,"174":19,"175":1,"176":19,"177":19,"178":0,"179":0,"180":0,"181":0,"182":0,"183":0,"184":0,"185":19,"186":19,"187":19,"188":19,"189":1,"190":1,"191":1,"192":1,"193":1,"194":1,"195":19,"196":1,"197":1,"198":1,"199":1,"200":1,"201":1,"202":19,"203":1,"204":1,"205":1,"206":1,"207":1,"208":1,"209":19,"210":0,"211":0,"212":0,"213":0,"214":0,"215":0,"216":19,"217":1,"218":1,"219":1,"220":1,"221":1,"222":1,"223":19,"224":0,"225":0,"226":0,"227":0,"228":0,"229":0,"230":19,"231":1,"232":1,"233":1,"234":1,"235":1,"236":1,"237":19,"238":19,"239":14,"240":14,"241":22,"242":14,"243":14,"244":14,"245":14,"246":14,"247":19,"248":13,"249":13,"250":13,"251":13,"252":13,"253":13,"254":13,"255":13,"256":13,"257":13,"258":13,"259":13,"260":13,"261":13,"262":19,"263":1,"264":1,"265":1,"266":1,"267":1,"268":1,"269":1,"270":1,"271":1,"272":1,"273":1,"274":1,"275":1,"276":13,"277":13,"278":13,"279":1,"280":1,"281":1,"282":1,"283":1,"284":1,"285":15,"286":1,"287":1,"288":1,"289":1,"290":1,"291":14,"292":14,"293":14,"294":14,"295":14,"296":14,"297":15,"298":8,"299":8,"300":8,"301":8,"302":8,"303":8,"304":8,"305":8},"branchMap":{"0":{"type":"branch","line":22,"loc":{"start":{"line":22,"column":0},"end":{"line":24,"column":1}},"locations":[{"start":{"line":22,"column":0},"end":{"line":24,"column":1}}]},"1":{"type":"branch","line":26,"loc":{"start":{"line":26,"column":0},"end":{"line":67,"column":1}},"locations":[{"start":{"line":26,"column":0},"end":{"line":67,"column":1}}]},"2":{"type":"branch","line":27,"loc":{"start":{"line":27,"column":47},"end":{"line":32,"column":3}},"locations":[{"start":{"line":27,"column":47},"end":{"line":32,"column":3}}]},"3":{"type":"branch","line":36,"loc":{"start":{"line":36,"column":44},"end":{"line":42,"column":3}},"locations":[{"start":{"line":36,"column":44},"end":{"line":42,"column":3}}]},"4":{"type":"branch","line":43,"loc":{"start":{"line":43,"column":41},"end":{"line":49,"column":3}},"locations":[{"start":{"line":43,"column":41},"end":{"line":49,"column":3}}]},"5":{"type":"branch","line":50,"loc":{"start":{"line":50,"column":39},"end":{"line":56,"column":3}},"locations":[{"start":{"line":50,"column":39},"end":{"line":56,"column":3}}]},"6":{"type":"branch","line":58,"loc":{"start":{"line":58,"column":25},"end":{"line":58,"column":54}},"locations":[{"start":{"line":58,"column":25},"end":{"line":58,"column":54}}]},"7":{"type":"branch","line":58,"loc":{"start":{"line":58,"column":52},"end":{"line":67,"column":1}},"locations":[{"start":{"line":58,"column":52},"end":{"line":67,"column":1}}]},"8":{"type":"branch","line":73,"loc":{"start":{"line":73,"column":0},"end":{"line":130,"column":1}},"locations":[{"start":{"line":73,"column":0},"end":{"line":130,"column":1}}]},"9":{"type":"branch","line":74,"loc":{"start":{"line":74,"column":47},"end":{"line":81,"column":3}},"locations":[{"start":{"line":74,"column":47},"end":{"line":81,"column":3}}]},"10":{"type":"branch","line":85,"loc":{"start":{"line":85,"column":36},"end":{"line":91,"column":3}},"locations":[{"start":{"line":85,"column":36},"end":{"line":91,"column":3}}]},"11":{"type":"branch","line":92,"loc":{"start":{"line":92,"column":41},"end":{"line":98,"column":3}},"locations":[{"start":{"line":92,"column":41},"end":{"line":98,"column":3}}]},"12":{"type":"branch","line":101,"loc":{"start":{"line":101,"column":34},"end":{"line":101,"column":67}},"locations":[{"start":{"line":101,"column":34},"end":{"line":101,"column":67}}]},"13":{"type":"branch","line":101,"loc":{"start":{"line":101,"column":67},"end":{"line":107,"column":3}},"locations":[{"start":{"line":101,"column":67},"end":{"line":107,"column":3}}]},"14":{"type":"branch","line":109,"loc":{"start":{"line":109,"column":25},"end":{"line":118,"column":42}},"locations":[{"start":{"line":109,"column":25},"end":{"line":118,"column":42}}]},"15":{"type":"branch","line":118,"loc":{"start":{"line":118,"column":35},"end":{"line":118,"column":82}},"locations":[{"start":{"line":118,"column":35},"end":{"line":118,"column":82}}]},"16":{"type":"branch","line":118,"loc":{"start":{"line":118,"column":80},"end":{"line":130,"column":1}},"locations":[{"start":{"line":118,"column":80},"end":{"line":130,"column":1}}]},"17":{"type":"branch","line":111,"loc":{"start":{"line":111,"column":61},"end":{"line":112,"column":60}},"locations":[{"start":{"line":111,"column":61},"end":{"line":112,"column":60}}]},"18":{"type":"branch","line":115,"loc":{"start":{"line":115,"column":12},"end":{"line":115,"column":66}},"locations":[{"start":{"line":115,"column":12},"end":{"line":115,"column":66}}]},"19":{"type":"branch","line":116,"loc":{"start":{"line":116,"column":13},"end":{"line":116,"column":28}},"locations":[{"start":{"line":116,"column":13},"end":{"line":116,"column":28}}]},"20":{"type":"branch","line":126,"loc":{"start":{"line":126,"column":16},"end":{"line":126,"column":64}},"locations":[{"start":{"line":126,"column":16},"end":{"line":126,"column":64}}]},"21":{"type":"branch","line":127,"loc":{"start":{"line":127,"column":13},"end":{"line":127,"column":26}},"locations":[{"start":{"line":127,"column":13},"end":{"line":127,"column":26}}]},"22":{"type":"branch","line":136,"loc":{"start":{"line":136,"column":7},"end":{"line":157,"column":1}},"locations":[{"start":{"line":136,"column":7},"end":{"line":157,"column":1}}]},"23":{"type":"branch","line":137,"loc":{"start":{"line":137,"column":27},"end":{"line":142,"column":3}},"locations":[{"start":{"line":137,"column":27},"end":{"line":142,"column":3}}]},"24":{"type":"branch","line":142,"loc":{"start":{"line":142,"column":2},"end":{"line":149,"column":35}},"locations":[{"start":{"line":142,"column":2},"end":{"line":149,"column":35}}]},"25":{"type":"branch","line":149,"loc":{"start":{"line":149,"column":28},"end":{"line":149,"column":68}},"locations":[{"start":{"line":149,"column":28},"end":{"line":149,"column":68}}]},"26":{"type":"branch","line":149,"loc":{"start":{"line":149,"column":66},"end":{"line":157,"column":1}},"locations":[{"start":{"line":149,"column":66},"end":{"line":157,"column":1}}]},"27":{"type":"branch","line":144,"loc":{"start":{"line":144,"column":26},"end":{"line":144,"column":64}},"locations":[{"start":{"line":144,"column":26},"end":{"line":144,"column":64}}]},"28":{"type":"branch","line":146,"loc":{"start":{"line":146,"column":12},"end":{"line":146,"column":66}},"locations":[{"start":{"line":146,"column":12},"end":{"line":146,"column":66}}]},"29":{"type":"branch","line":147,"loc":{"start":{"line":147,"column":13},"end":{"line":147,"column":28}},"locations":[{"start":{"line":147,"column":13},"end":{"line":147,"column":28}}]},"30":{"type":"branch","line":154,"loc":{"start":{"line":154,"column":14},"end":{"line":154,"column":57}},"locations":[{"start":{"line":154,"column":14},"end":{"line":154,"column":57}}]},"31":{"type":"branch","line":155,"loc":{"start":{"line":155,"column":11},"end":{"line":155,"column":24}},"locations":[{"start":{"line":155,"column":11},"end":{"line":155,"column":24}}]},"32":{"type":"branch","line":167,"loc":{"start":{"line":167,"column":0},"end":{"line":169,"column":1}},"locations":[{"start":{"line":167,"column":0},"end":{"line":169,"column":1}}]},"33":{"type":"branch","line":170,"loc":{"start":{"line":170,"column":0},"end":{"line":172,"column":1}},"locations":[{"start":{"line":170,"column":0},"end":{"line":172,"column":1}}]},"34":{"type":"branch","line":173,"loc":{"start":{"line":173,"column":0},"end":{"line":175,"column":1}},"locations":[{"start":{"line":173,"column":0},"end":{"line":175,"column":1}}]},"35":{"type":"branch","line":177,"loc":{"start":{"line":177,"column":0},"end":{"line":279,"column":1}},"locations":[{"start":{"line":177,"column":0},"end":{"line":279,"column":1}}]},"36":{"type":"branch","line":178,"loc":{"start":{"line":178,"column":47},"end":{"line":185,"column":3}},"locations":[{"start":{"line":178,"column":47},"end":{"line":185,"column":3}}]},"37":{"type":"branch","line":189,"loc":{"start":{"line":189,"column":36},"end":{"line":195,"column":3}},"locations":[{"start":{"line":189,"column":36},"end":{"line":195,"column":3}}]},"38":{"type":"branch","line":196,"loc":{"start":{"line":196,"column":31},"end":{"line":202,"column":3}},"locations":[{"start":{"line":196,"column":31},"end":{"line":202,"column":3}}]},"39":{"type":"branch","line":203,"loc":{"start":{"line":203,"column":39},"end":{"line":209,"column":3}},"locations":[{"start":{"line":203,"column":39},"end":{"line":209,"column":3}}]},"40":{"type":"branch","line":210,"loc":{"start":{"line":210,"column":41},"end":{"line":216,"column":3}},"locations":[{"start":{"line":210,"column":41},"end":{"line":216,"column":3}}]},"41":{"type":"branch","line":217,"loc":{"start":{"line":217,"column":44},"end":{"line":223,"column":3}},"locations":[{"start":{"line":217,"column":44},"end":{"line":223,"column":3}}]},"42":{"type":"branch","line":224,"loc":{"start":{"line":224,"column":39},"end":{"line":230,"column":3}},"locations":[{"start":{"line":224,"column":39},"end":{"line":230,"column":3}}]},"43":{"type":"branch","line":231,"loc":{"start":{"line":231,"column":35},"end":{"line":237,"column":3}},"locations":[{"start":{"line":231,"column":35},"end":{"line":237,"column":3}}]},"44":{"type":"branch","line":239,"loc":{"start":{"line":239,"column":25},"end":{"line":239,"column":54}},"locations":[{"start":{"line":239,"column":25},"end":{"line":239,"column":54}}]},"45":{"type":"branch","line":239,"loc":{"start":{"line":239,"column":52},"end":{"line":248,"column":40}},"locations":[{"start":{"line":239,"column":52},"end":{"line":248,"column":40}}]},"46":{"type":"branch","line":248,"loc":{"start":{"line":248,"column":33},"end":{"line":248,"column":78}},"locations":[{"start":{"line":248,"column":33},"end":{"line":248,"column":78}}]},"47":{"type":"branch","line":248,"loc":{"start":{"line":248,"column":76},"end":{"line":263,"column":39}},"locations":[{"start":{"line":248,"column":76},"end":{"line":263,"column":39}}]},"48":{"type":"branch","line":263,"loc":{"start":{"line":263,"column":39},"end":{"line":276,"column":3}},"locations":[{"start":{"line":263,"column":39},"end":{"line":276,"column":3}}]},"49":{"type":"branch","line":276,"loc":{"start":{"line":276,"column":2},"end":{"line":279,"column":1}},"locations":[{"start":{"line":276,"column":2},"end":{"line":279,"column":1}}]},"50":{"type":"branch","line":241,"loc":{"start":{"line":241,"column":61},"end":{"line":242,"column":56}},"locations":[{"start":{"line":241,"column":61},"end":{"line":242,"column":56}}]},"51":{"type":"branch","line":245,"loc":{"start":{"line":245,"column":12},"end":{"line":245,"column":66}},"locations":[{"start":{"line":245,"column":12},"end":{"line":245,"column":66}}]},"52":{"type":"branch","line":246,"loc":{"start":{"line":246,"column":13},"end":{"line":246,"column":28}},"locations":[{"start":{"line":246,"column":13},"end":{"line":246,"column":28}}]},"53":{"type":"branch","line":257,"loc":{"start":{"line":257,"column":14},"end":{"line":257,"column":62}},"locations":[{"start":{"line":257,"column":14},"end":{"line":257,"column":62}}]},"54":{"type":"branch","line":258,"loc":{"start":{"line":258,"column":11},"end":{"line":258,"column":24}},"locations":[{"start":{"line":258,"column":11},"end":{"line":258,"column":24}}]},"55":{"type":"branch","line":285,"loc":{"start":{"line":285,"column":7},"end":{"line":306,"column":1}},"locations":[{"start":{"line":285,"column":7},"end":{"line":306,"column":1}}]},"56":{"type":"branch","line":286,"loc":{"start":{"line":286,"column":27},"end":{"line":291,"column":3}},"locations":[{"start":{"line":286,"column":27},"end":{"line":291,"column":3}}]},"57":{"type":"branch","line":291,"loc":{"start":{"line":291,"column":2},"end":{"line":298,"column":35}},"locations":[{"start":{"line":291,"column":2},"end":{"line":298,"column":35}}]},"58":{"type":"branch","line":298,"loc":{"start":{"line":298,"column":28},"end":{"line":298,"column":68}},"locations":[{"start":{"line":298,"column":28},"end":{"line":298,"column":68}}]},"59":{"type":"branch","line":298,"loc":{"start":{"line":298,"column":66},"end":{"line":306,"column":1}},"locations":[{"start":{"line":298,"column":66},"end":{"line":306,"column":1}}]},"60":{"type":"branch","line":293,"loc":{"start":{"line":293,"column":26},"end":{"line":293,"column":62}},"locations":[{"start":{"line":293,"column":26},"end":{"line":293,"column":62}}]},"61":{"type":"branch","line":295,"loc":{"start":{"line":295,"column":12},"end":{"line":295,"column":66}},"locations":[{"start":{"line":295,"column":12},"end":{"line":295,"column":66}}]},"62":{"type":"branch","line":296,"loc":{"start":{"line":296,"column":13},"end":{"line":296,"column":28}},"locations":[{"start":{"line":296,"column":13},"end":{"line":296,"column":28}}]},"63":{"type":"branch","line":303,"loc":{"start":{"line":303,"column":14},"end":{"line":303,"column":55}},"locations":[{"start":{"line":303,"column":14},"end":{"line":303,"column":55}}]},"64":{"type":"branch","line":304,"loc":{"start":{"line":304,"column":11},"end":{"line":304,"column":24}},"locations":[{"start":{"line":304,"column":11},"end":{"line":304,"column":24}}]}},"b":{"0":[135],"1":[26],"2":[0],"3":[1],"4":[0],"5":[1],"6":[2],"7":[24],"8":[8],"9":[0],"10":[1],"11":[1],"12":[7],"13":[2],"14":[4],"15":[1],"16":[3],"17":[4],"18":[4],"19":[1],"20":[3],"21":[3],"22":[8],"23":[1],"24":[7],"25":[5],"26":[2],"27":[8],"28":[8],"29":[5],"30":[3],"31":[3],"32":[19],"33":[19],"34":[19],"35":[19],"36":[0],"37":[1],"38":[1],"39":[1],"40":[0],"41":[1],"42":[0],"43":[1],"44":[5],"45":[14],"46":[1],"47":[13],"48":[1],"49":[13],"50":[22],"51":[22],"52":[1],"53":[21],"54":[21],"55":[15],"56":[1],"57":[14],"58":[6],"59":[8],"60":[19],"61":[19],"62":[6],"63":[13],"64":[13]},"fnMap":{"0":{"name":"isNonEmptyString","decl":{"start":{"line":22,"column":0},"end":{"line":24,"column":1}},"loc":{"start":{"line":22,"column":0},"end":{"line":24,"column":1}},"line":22},"1":{"name":"parseProvenance","decl":{"start":{"line":26,"column":0},"end":{"line":67,"column":1}},"loc":{"start":{"line":26,"column":0},"end":{"line":67,"column":1}},"line":26},"2":{"name":"parseSingleClaim","decl":{"start":{"line":73,"column":0},"end":{"line":130,"column":1}},"loc":{"start":{"line":73,"column":0},"end":{"line":130,"column":1}},"line":73},"3":{"name":"parseClaims","decl":{"start":{"line":136,"column":7},"end":{"line":157,"column":1}},"loc":{"start":{"line":136,"column":7},"end":{"line":157,"column":1}},"line":136},"4":{"name":"isGapKind","decl":{"start":{"line":167,"column":0},"end":{"line":169,"column":1}},"loc":{"start":{"line":167,"column":0},"end":{"line":169,"column":1}},"line":167},"5":{"name":"isGapSeverity","decl":{"start":{"line":170,"column":0},"end":{"line":172,"column":1}},"loc":{"start":{"line":170,"column":0},"end":{"line":172,"column":1}},"line":170},"6":{"name":"isGapStatus","decl":{"start":{"line":173,"column":0},"end":{"line":175,"column":1}},"loc":{"start":{"line":173,"column":0},"end":{"line":175,"column":1}},"line":173},"7":{"name":"parseSingleGap","decl":{"start":{"line":177,"column":0},"end":{"line":279,"column":1}},"loc":{"start":{"line":177,"column":0},"end":{"line":279,"column":1}},"line":177},"8":{"name":"parseGaps","decl":{"start":{"line":285,"column":7},"end":{"line":306,"column":1}},"loc":{"start":{"line":285,"column":7},"end":{"line":306,"column":1}},"line":285}},"f":{"0":135,"1":26,"2":8,"3":8,"4":19,"5":19,"6":19,"7":19,"8":15}}
}
